2019-06-07 10:23:43.447 [http-nio-8080-exec-4] com.shop.pss.config.WebSecurityConfig:123 [INFO]: ------ login fail username:Admin
2019-06-07 10:28:37.989 [http-nio-8080-exec-2] com.shop.pss.config.WebSecurityConfig:123 [INFO]: ------ login fail username:Admin
2019-06-07 12:11:46.162 [http-nio-8080-exec-6] com.shop.pss.config.WebSecurityConfig:138 [INFO]: ------ login success username:Admin
2019-06-07 12:11:49.547 [http-nio-8080-exec-5] com.shop.pss.config.WebSecurityConfig:138 [INFO]: ------ login success username:Admin
2019-06-07 12:24:07.539 [http-nio-8080-exec-7] com.shop.pss.config.WebSecurityConfig:138 [INFO]: ------ login success username:Admin
2019-06-07 12:33:16.623 [http-nio-8080-exec-8] c.s.p.controller.advice.ExceptionAdvice:39 [ERROR]: 缺少请求参数:Required String parameter 'idCard' is not present
2019-06-07 12:34:32.783 [http-nio-8080-exec-9] com.shop.pss.config.WebSecurityConfig:138 [INFO]: ------ login success username:admin
2019-06-07 12:51:26.977 [http-nio-8080-exec-6] c.s.pss.controller.GoodsStockController:105 [INFO]: ------ start request query_goods pageNum:1, pageSize:5, keyWord:, shortage:null
2019-06-07 12:51:27.092 [http-nio-8080-exec-6] c.s.pss.controller.GoodsStockController:112 [INFO]: ------ end request query_goods
2019-06-07 12:53:29.495 [http-nio-8080-exec-9] c.s.pss.controller.GoodsStockController:105 [INFO]: ------ start request query_goods pageNum:1, pageSize:5, keyWord:, shortage:null
2019-06-07 12:53:29.501 [http-nio-8080-exec-9] c.s.pss.controller.GoodsStockController:112 [INFO]: ------ end request query_goods
2019-06-07 13:18:19.877 [http-nio-8080-exec-1] c.s.pss.controller.GoodsStockController:105 [INFO]: ------ start request query_goods pageNum:1, pageSize:5, keyWord:, shortage:null
2019-06-07 13:18:19.883 [http-nio-8080-exec-1] c.s.pss.controller.GoodsStockController:112 [INFO]: ------ end request query_goods
2019-06-07 13:22:46.943 [http-nio-8080-exec-4] c.s.pss.controller.GoodsStockController:105 [INFO]: ------ start request query_goods pageNum:1, pageSize:5, keyWord:, shortage:null
2019-06-07 13:22:46.950 [http-nio-8080-exec-4] c.s.pss.controller.GoodsStockController:112 [INFO]: ------ end request query_goods
2019-06-07 13:22:51.019 [http-nio-8080-exec-2] c.s.pss.controller.GoodsStockController:105 [INFO]: ------ start request query_goods pageNum:1, pageSize:5, keyWord:, shortage:null
2019-06-07 13:22:51.034 [http-nio-8080-exec-2] c.s.pss.controller.GoodsStockController:112 [INFO]: ------ end request query_goods
2019-06-07 13:38:51.616 [http-nio-8080-exec-1] c.s.pss.controller.GoodsStockController:105 [INFO]: ------ start request query_goods pageNum:1, pageSize:5, keyWord:, shortage:null
2019-06-07 13:38:51.629 [http-nio-8080-exec-1] c.s.pss.controller.GoodsStockController:112 [INFO]: ------ end request query_goods
2019-06-07 13:39:09.825 [http-nio-8080-exec-4] c.s.pss.controller.GoodsStockController:105 [INFO]: ------ start request query_goods pageNum:1, pageSize:5, keyWord:, shortage:null
2019-06-07 13:39:09.831 [http-nio-8080-exec-4] c.s.pss.controller.GoodsStockController:112 [INFO]: ------ end request query_goods
2019-06-07 13:51:25.952 [http-nio-8080-exec-1] c.s.p.controller.advice.ExceptionAdvice:39 [ERROR]: 缺少请求参数:Required Long parameter 'userId' is not present
2019-06-07 13:51:31.408 [http-nio-8080-exec-3] c.s.p.controller.advice.ExceptionAdvice:39 [ERROR]: 缺少请求参数:Required Long parameter 'userId' is not present
2019-06-07 13:52:37.163 [http-nio-8080-exec-4] c.s.p.controller.advice.ExceptionAdvice:118 [ERROR]: there is a exception with: Failed to convert value of type 'java.lang.String' to required type 'java.lang.Long'; nested exception is java.lang.NumberFormatException: For input string: "Ljr"
2019-06-07 13:52:38.845 [http-nio-8080-exec-2] c.s.p.controller.advice.ExceptionAdvice:118 [ERROR]: there is a exception with: Failed to convert value of type 'java.lang.String' to required type 'java.lang.Long'; nested exception is java.lang.NumberFormatException: For input string: "Ljr"
2019-06-07 13:52:42.112 [http-nio-8080-exec-6] c.s.p.controller.advice.ExceptionAdvice:118 [ERROR]: there is a exception with: Failed to convert value of type 'java.lang.String' to required type 'java.lang.Long'; nested exception is java.lang.NumberFormatException: For input string: "Ljr"
2019-06-07 13:54:06.369 [http-nio-8080-exec-5] c.s.p.controller.advice.ExceptionAdvice:39 [ERROR]: 缺少请求参数:Required Long parameter 'userId' is not present
2019-06-07 13:54:34.132 [http-nio-8080-exec-1] com.shop.pss.config.WebSecurityConfig:155 [INFO]: ------ logout success username:null
2019-06-07 13:54:38.925 [http-nio-8080-exec-3] com.shop.pss.config.WebSecurityConfig:138 [INFO]: ------ login success username:lee
2019-06-07 13:54:48.801 [http-nio-8080-exec-4] com.shop.pss.config.WebSecurityConfig:155 [INFO]: ------ logout success username:null
2019-06-07 13:54:52.512 [http-nio-8080-exec-2] com.shop.pss.config.WebSecurityConfig:138 [INFO]: ------ login success username:lee
2019-06-07 13:58:15.825 [http-nio-8080-exec-6] com.shop.pss.config.WebSecurityConfig:155 [INFO]: ------ logout success username:null
2019-06-07 13:58:21.119 [http-nio-8080-exec-5] com.shop.pss.config.WebSecurityConfig:138 [INFO]: ------ login success username:admin
2019-06-07 14:02:11.104 [http-nio-8080-exec-7] com.shop.pss.config.WebSecurityConfig:155 [INFO]: ------ logout success username:null
2019-06-07 14:02:14.714 [http-nio-8080-exec-8] com.shop.pss.config.WebSecurityConfig:138 [INFO]: ------ login success username:admin
2019-06-07 14:02:19.669 [http-nio-8080-exec-9] com.shop.pss.config.WebSecurityConfig:155 [INFO]: ------ logout success username:null
2019-06-07 14:02:22.865 [http-nio-8080-exec-10] com.shop.pss.config.WebSecurityConfig:138 [INFO]: ------ login success username:lee
2019-06-07 14:02:50.486 [http-nio-8080-exec-1] c.s.pss.controller.GoodsStockController:105 [INFO]: ------ start request query_goods pageNum:1, pageSize:5, keyWord:, shortage:null
2019-06-07 14:02:50.493 [http-nio-8080-exec-1] c.s.pss.controller.GoodsStockController:112 [INFO]: ------ end request query_goods
2019-06-07 14:05:41.256 [http-nio-8080-exec-4] c.s.pss.controller.GoodsStockController:105 [INFO]: ------ start request query_goods pageNum:1, pageSize:5, keyWord:, shortage:null
2019-06-07 14:05:41.268 [http-nio-8080-exec-4] c.s.pss.controller.GoodsStockController:112 [INFO]: ------ end request query_goods
2019-06-07 14:06:41.271 [http-nio-8080-exec-2] com.shop.pss.config.WebSecurityConfig:155 [INFO]: ------ logout success username:null
2019-06-07 14:06:54.788 [http-nio-8080-exec-6] com.shop.pss.config.WebSecurityConfig:138 [INFO]: ------ login success username:lee
2019-06-07 14:15:54.576 [http-nio-8080-exec-5] com.shop.pss.config.WebSecurityConfig:155 [INFO]: ------ logout success username:null
2019-06-07 14:16:00.580 [http-nio-8080-exec-7] com.shop.pss.config.WebSecurityConfig:138 [INFO]: ------ login success username:lee
2019-06-07 14:19:36.642 [http-nio-8080-exec-8] com.shop.pss.config.WebSecurityConfig:155 [INFO]: ------ logout success username:null
2019-06-07 14:19:40.703 [http-nio-8080-exec-9] com.shop.pss.config.WebSecurityConfig:138 [INFO]: ------ login success username:admin
2019-06-07 14:19:44.611 [http-nio-8080-exec-10] com.shop.pss.config.WebSecurityConfig:155 [INFO]: ------ logout success username:null
2019-06-07 14:19:50.850 [http-nio-8080-exec-1] com.shop.pss.config.WebSecurityConfig:138 [INFO]: ------ login success username:admin
2019-06-07 14:20:34.463 [http-nio-8080-exec-3] com.shop.pss.config.WebSecurityConfig:155 [INFO]: ------ logout success username:null
2019-06-07 14:21:00.211 [http-nio-8080-exec-4] com.shop.pss.config.WebSecurityConfig:138 [INFO]: ------ login success username:admin
2019-06-07 14:21:39.327 [http-nio-8080-exec-2] c.s.pss.controller.GoodsStockController:105 [INFO]: ------ start request query_goods pageNum:1, pageSize:5, keyWord:, shortage:null
2019-06-07 14:21:39.333 [http-nio-8080-exec-2] c.s.pss.controller.GoodsStockController:112 [INFO]: ------ end request query_goods
2019-06-07 14:22:16.672 [http-nio-8080-exec-6] com.shop.pss.config.WebSecurityConfig:155 [INFO]: ------ logout success username:null
2019-06-07 14:22:20.155 [http-nio-8080-exec-5] com.shop.pss.config.WebSecurityConfig:138 [INFO]: ------ login success username:admin
2019-06-07 14:22:23.328 [http-nio-8080-exec-7] com.shop.pss.config.WebSecurityConfig:155 [INFO]: ------ logout success username:null
2019-06-07 14:22:29.048 [http-nio-8080-exec-8] com.shop.pss.config.WebSecurityConfig:138 [INFO]: ------ login success username:admin
2019-06-07 14:24:53.863 [http-nio-8080-exec-9] com.shop.pss.config.WebSecurityConfig:155 [INFO]: ------ logout success username:null
2019-06-07 14:24:56.927 [http-nio-8080-exec-10] com.shop.pss.config.WebSecurityConfig:138 [INFO]: ------ login success username:lee
2019-06-07 14:25:06.628 [http-nio-8080-exec-1] c.s.pss.controller.GoodsStockController:105 [INFO]: ------ start request query_goods pageNum:1, pageSize:5, keyWord:, shortage:null
2019-06-07 14:25:06.634 [http-nio-8080-exec-1] c.s.pss.controller.GoodsStockController:112 [INFO]: ------ end request query_goods
2019-06-07 14:25:58.275 [http-nio-8080-exec-3] c.s.pss.controller.GoodsStockController:105 [INFO]: ------ start request query_goods pageNum:1, pageSize:5, keyWord:, shortage:null
2019-06-07 14:25:58.287 [http-nio-8080-exec-3] c.s.pss.controller.GoodsStockController:112 [INFO]: ------ end request query_goods
2019-06-07 14:25:58.412 [http-nio-8080-exec-4] c.s.pss.controller.GoodsStockController:105 [INFO]: ------ start request query_goods pageNum:1, pageSize:5, keyWord:, shortage:null
2019-06-07 14:25:58.417 [http-nio-8080-exec-4] c.s.pss.controller.GoodsStockController:112 [INFO]: ------ end request query_goods
2019-06-07 14:27:07.099 [http-nio-8080-exec-2] c.s.pss.controller.GoodsStockController:105 [INFO]: ------ start request query_goods pageNum:1, pageSize:5, keyWord:, shortage:null
2019-06-07 14:27:07.104 [http-nio-8080-exec-2] c.s.pss.controller.GoodsStockController:112 [INFO]: ------ end request query_goods
2019-06-07 14:27:07.197 [http-nio-8080-exec-6] c.s.pss.controller.GoodsStockController:105 [INFO]: ------ start request query_goods pageNum:1, pageSize:5, keyWord:, shortage:null
2019-06-07 14:27:07.203 [http-nio-8080-exec-6] c.s.pss.controller.GoodsStockController:112 [INFO]: ------ end request query_goods
2019-06-07 14:27:07.333 [http-nio-8080-exec-5] c.s.pss.controller.GoodsStockController:105 [INFO]: ------ start request query_goods pageNum:1, pageSize:5, keyWord:, shortage:null
2019-06-07 14:27:07.340 [http-nio-8080-exec-5] c.s.pss.controller.GoodsStockController:112 [INFO]: ------ end request query_goods
2019-06-07 14:27:33.501 [http-nio-8080-exec-7] com.shop.pss.config.WebSecurityConfig:155 [INFO]: ------ logout success username:null
2019-06-07 14:27:37.564 [http-nio-8080-exec-8] com.shop.pss.config.WebSecurityConfig:138 [INFO]: ------ login success username:admin
2019-06-07 14:28:10.430 [http-nio-8080-exec-9] c.s.pss.controller.GoodsStockController:105 [INFO]: ------ start request query_goods pageNum:1, pageSize:5, keyWord:, shortage:null
2019-06-07 14:28:10.442 [http-nio-8080-exec-9] c.s.pss.controller.GoodsStockController:112 [INFO]: ------ end request query_goods
2019-06-07 14:28:19.981 [http-nio-8080-exec-3] com.shop.pss.config.WebSecurityConfig:155 [INFO]: ------ logout success username:null
2019-06-07 14:28:25.260 [http-nio-8080-exec-4] com.shop.pss.config.WebSecurityConfig:138 [INFO]: ------ login success username:lee
2019-06-07 14:28:41.093 [http-nio-8080-exec-2] com.shop.pss.config.WebSecurityConfig:155 [INFO]: ------ logout success username:null
