2019-06-11 08:56:53.177 [main] c.s.pss.PurchaseSaleStorageApplication:50 [INFO]: Starting PurchaseSaleStorageApplication on DESKTOP-QRJUJBD with PID 20292 (E:\CODE\purchase-sale-storage\target\classes started by wangr in E:\CODE\purchase-sale-storage)
2019-06-11 08:56:53.220 [main] c.s.pss.PurchaseSaleStorageApplication:659 [INFO]: No active profile set, falling back to default profiles: default
2019-06-11 08:56:53.446 [main] o.s.b.w.s.c.AnnotationConfigServletWebServerApplicationContext:590 [INFO]: Refreshing org.springframework.boot.web.servlet.context.AnnotationConfigServletWebServerApplicationContext@63fdab07: startup date [Tue Jun 11 08:56:53 CST 2019]; root of context hierarchy
2019-06-11 08:56:57.496 [main] o.s.b.w.embedded.tomcat.TomcatWebServer:91 [INFO]: Tomcat initialized with port(s): 8080 (http)
2019-06-11 08:56:57.542 [main] org.apache.catalina.core.StandardService:180 [INFO]: Starting service [Tomcat]
2019-06-11 08:56:57.542 [main] org.apache.catalina.core.StandardEngine:180 [INFO]: Starting Servlet Engine: Apache Tomcat/8.5.29
2019-06-11 08:56:57.548 [localhost-startStop-1] o.a.catalina.core.AprLifecycleListener:180 [INFO]: The APR based Apache Tomcat Native library which allows optimal performance in production environments was not found on the java.library.path: [D:\Program Files\Java\jdk1.8.0_181\bin;C:\Windows\Sun\Java\bin;C:\Windows\system32;C:\Windows;C:\Program Files (x86)\Common Files\Oracle\Java\javapath;C:\Windows\system32;C:\Windows;C:\Windows\System32\Wbem;C:\Windows\System32\WindowsPowerShell\v1.0\;C:\Windows\System32\OpenSSH\;D:\Program Files\Java\jdk1.8.0_181\bin;D:\Program Files\Java\jdk1.8.0_181\jre\bin;D:\Program Files\Git\cmd;C:\Program Files\TortoiseSVN\bin;D:\Program Files\TortoiseGit\bin;%MAVEN_HOME%\bin;E:\apache-maven-3.5.0\bin;D:\Anaconda3;D:\Anaconda3\Scripts;E:\gradle-5.1\bin;D:\Program Files\nodejs\;D:\Program Files\nodejs\node_global;D:\Program Files\Redis\;C:\Users\wangr\AppData\Local\Microsoft\WindowsApps;C:\Users\wangr\AppData\Local\GitHubDesktop\bin;C:\Users\wangr\AppData\Roaming\npm;.]
2019-06-11 08:56:57.781 [localhost-startStop-1] o.a.c.c.C.[Tomcat].[localhost].[/]:180 [INFO]: Initializing Spring embedded WebApplicationContext
2019-06-11 08:56:57.781 [localhost-startStop-1] o.s.web.context.ContextLoader:285 [INFO]: Root WebApplicationContext: initialization completed in 4335 ms
2019-06-11 08:56:58.273 [localhost-startStop-1] o.s.b.web.servlet.FilterRegistrationBean:244 [INFO]: Mapping filter: 'characterEncodingFilter' to: [/*]
2019-06-11 08:56:58.274 [localhost-startStop-1] o.s.b.web.servlet.FilterRegistrationBean:244 [INFO]: Mapping filter: 'hiddenHttpMethodFilter' to: [/*]
2019-06-11 08:56:58.274 [localhost-startStop-1] o.s.b.web.servlet.FilterRegistrationBean:244 [INFO]: Mapping filter: 'httpPutFormContentFilter' to: [/*]
2019-06-11 08:56:58.274 [localhost-startStop-1] o.s.b.web.servlet.FilterRegistrationBean:244 [INFO]: Mapping filter: 'requestContextFilter' to: [/*]
2019-06-11 08:56:58.275 [localhost-startStop-1] o.s.b.w.s.DelegatingFilterProxyRegistrationBean:244 [INFO]: Mapping filter: 'springSecurityFilterChain' to: [/*]
2019-06-11 08:56:58.276 [localhost-startStop-1] o.s.b.web.servlet.FilterRegistrationBean:257 [INFO]: Mapping filter: 'webStatFilter' to urls: [/*]
2019-06-11 08:56:58.276 [localhost-startStop-1] o.s.b.w.servlet.ServletRegistrationBean:185 [INFO]: Servlet dispatcherServlet mapped to [/]
2019-06-11 08:56:58.277 [localhost-startStop-1] o.s.b.w.servlet.ServletRegistrationBean:185 [INFO]: Servlet statViewServlet mapped to [/druid/*]
2019-06-11 08:56:58.542 [main] c.a.d.s.b.a.DruidDataSourceAutoConfigure:56 [INFO]: Init DruidDataSource
2019-06-11 08:56:59.324 [main] com.alibaba.druid.pool.DruidDataSource:930 [INFO]: {dataSource-1} inited
2019-06-11 08:57:00.433 [main] com.shop.pss.config.ExecutorConfig:34 [INFO]: start asyncServiceExecutor
2019-06-11 08:57:00.436 [main] c.s.p.c.VisiableThreadPoolTaskExecutor:171 [INFO]: Initializing ExecutorService 
2019-06-11 08:57:00.446 [main] c.s.p.c.VisiableThreadPoolTaskExecutor:171 [INFO]: Initializing ExecutorService  'asyncServiceExecutor'
2019-06-11 08:57:00.782 [main] o.s.s.web.DefaultSecurityFilterChain:43 [INFO]: Creating filter chain: Ant [pattern='/pss/api/wechat/**'], []
2019-06-11 08:57:00.782 [main] o.s.s.web.DefaultSecurityFilterChain:43 [INFO]: Creating filter chain: Ant [pattern='/websocket/**'], []
2019-06-11 08:57:00.782 [main] o.s.s.web.DefaultSecurityFilterChain:43 [INFO]: Creating filter chain: Ant [pattern='/pss/api/user/retrieve_pwd'], []
2019-06-11 08:57:00.783 [main] o.s.s.web.DefaultSecurityFilterChain:43 [INFO]: Creating filter chain: Ant [pattern='/index.html'], []
2019-06-11 08:57:00.783 [main] o.s.s.web.DefaultSecurityFilterChain:43 [INFO]: Creating filter chain: Ant [pattern='/static/**'], []
2019-06-11 08:57:00.783 [main] o.s.s.web.DefaultSecurityFilterChain:43 [INFO]: Creating filter chain: Ant [pattern='/pss/api/login_p'], []
2019-06-11 08:57:00.783 [main] o.s.s.web.DefaultSecurityFilterChain:43 [INFO]: Creating filter chain: Ant [pattern='/favicon.ico'], []
2019-06-11 08:57:00.972 [main] o.s.w.s.s.s.WebSocketHandlerMapping:114 [WARN]: Neither 'urlMap' nor 'mappings' set on SimpleUrlHandlerMapping
2019-06-11 08:57:01.102 [main] o.s.w.s.handler.SimpleUrlHandlerMapping:373 [INFO]: Mapped URL path [/**/favicon.ico] onto handler of type [class org.springframework.web.servlet.resource.ResourceHttpRequestHandler]
2019-06-11 08:57:01.205 [main] o.s.w.s.m.m.a.RequestMappingHandlerMapping:547 [INFO]: Mapped "{[/pss/api/file/purchase_history_export],methods=[GET]}" onto public void com.shop.pss.controller.FileUploadController.purchaseHistoryExport(java.lang.String,java.lang.String,java.lang.String,java.lang.String,java.lang.String,javax.servlet.http.HttpServletRequest,javax.servlet.http.HttpServletResponse)
2019-06-11 08:57:01.206 [main] o.s.w.s.m.m.a.RequestMappingHandlerMapping:547 [INFO]: Mapped "{[/pss/api/file/stock_history_export],methods=[GET]}" onto public void com.shop.pss.controller.FileUploadController.goodsStockHistoryExport(java.lang.String,java.lang.String,java.lang.String,java.lang.String,java.lang.String,javax.servlet.http.HttpServletRequest,javax.servlet.http.HttpServletResponse)
2019-06-11 08:57:01.207 [main] o.s.w.s.m.m.a.RequestMappingHandlerMapping:547 [INFO]: Mapped "{[/pss/api/file/goods_stock_export],methods=[GET]}" onto public void com.shop.pss.controller.FileUploadController.goodsStockExport(javax.servlet.http.HttpServletRequest,javax.servlet.http.HttpServletResponse)
2019-06-11 08:57:01.210 [main] o.s.w.s.m.m.a.RequestMappingHandlerMapping:547 [INFO]: Mapped "{[/pss/api/stock/query_goods],methods=[GET]}" onto public com.shop.pss.common.RestResult com.shop.pss.controller.GoodsStockController.queryAllGoodsStock(int,int,java.lang.String,java.lang.Integer)
2019-06-11 08:57:01.211 [main] o.s.w.s.m.m.a.RequestMappingHandlerMapping:547 [INFO]: Mapped "{[/pss/api/stock/set_shortage_num],methods=[POST]}" onto public com.shop.pss.common.RestResult com.shop.pss.controller.GoodsStockController.queryGoodsInfoOne(int)
2019-06-11 08:57:01.211 [main] o.s.w.s.m.m.a.RequestMappingHandlerMapping:547 [INFO]: Mapped "{[/pss/api/stock/goods_info],methods=[GET]}" onto public com.shop.pss.common.RestResult com.shop.pss.controller.GoodsStockController.queryGoodsInfoOne(java.lang.String)
2019-06-11 08:57:01.212 [main] o.s.w.s.m.m.a.RequestMappingHandlerMapping:547 [INFO]: Mapped "{[/pss/api/stock/goods_stock_history],methods=[GET]}" onto public com.shop.pss.common.RestResult com.shop.pss.controller.GoodsStockController.goodsStockHistory(int,int,java.lang.String,java.lang.String,java.lang.String,java.lang.String,java.lang.String)
2019-06-11 08:57:01.212 [main] o.s.w.s.m.m.a.RequestMappingHandlerMapping:547 [INFO]: Mapped "{[/pss/api/stock/update_stock],methods=[POST]}" onto public synchronized com.shop.pss.common.RestResult com.shop.pss.controller.GoodsStockController.updateStock(com.shop.pss.bean.GoodsStock)
2019-06-11 08:57:01.213 [main] o.s.w.s.m.m.a.RequestMappingHandlerMapping:547 [INFO]: Mapped "{[/pss/api/stock/put_stock],methods=[POST]}" onto public synchronized com.shop.pss.common.RestResult com.shop.pss.controller.GoodsStockController.putStock(com.shop.pss.bean.ListValidateWrapper<com.shop.pss.bean.GoodsStockDetailed>)
2019-06-11 08:57:01.213 [main] o.s.w.s.m.m.a.RequestMappingHandlerMapping:547 [INFO]: Mapped "{[/pss/api/stock/shortage],methods=[GET]}" onto public com.shop.pss.common.RestResult com.shop.pss.controller.GoodsStockController.shortage()
2019-06-11 08:57:01.214 [main] o.s.w.s.m.m.a.RequestMappingHandlerMapping:547 [INFO]: Mapped "{[/pss/api/stock/goods_out_history],methods=[GET]}" onto public com.shop.pss.common.RestResult com.shop.pss.controller.GoodsStockController.queryOutGoods(int,int,java.lang.String,java.lang.String,java.lang.String,java.lang.String)
2019-06-11 08:57:01.214 [main] o.s.w.s.m.m.a.RequestMappingHandlerMapping:547 [INFO]: Mapped "{[/pss/api/stock/out_stock],methods=[POST]}" onto public synchronized com.shop.pss.common.RestResult com.shop.pss.controller.GoodsStockController.outStock(java.lang.String,com.shop.pss.bean.ListValidateWrapper<com.shop.pss.bean.GoodsStockDetailed>)
2019-06-11 08:57:01.215 [main] o.s.w.s.m.m.a.RequestMappingHandlerMapping:547 [INFO]: Mapped "{[/pss/api/stock/delete_stock],methods=[POST]}" onto public synchronized com.shop.pss.common.RestResult com.shop.pss.controller.GoodsStockController.deleteStock(java.util.List<java.lang.Long>)
2019-06-11 08:57:01.216 [main] o.s.w.s.m.m.a.RequestMappingHandlerMapping:547 [INFO]: Mapped "{[/pss/api/stock/goods_shortage_num],methods=[GET]}" onto public com.shop.pss.common.RestResult com.shop.pss.controller.GoodsStockController.goodsShortageNum()
2019-06-11 08:57:01.217 [main] o.s.w.s.m.m.a.RequestMappingHandlerMapping:547 [INFO]: Mapped "{[/login_p || ]}" onto public com.shop.pss.common.RestResult com.shop.pss.controller.LoginController.login()
2019-06-11 08:57:01.217 [main] o.s.w.s.m.m.a.RequestMappingHandlerMapping:547 [INFO]: Mapped "{[/pss/api/menu/sysmenu],methods=[POST]}" onto public com.shop.pss.common.RestResult com.shop.pss.controller.MenuController.sysmenu()
2019-06-11 08:57:01.218 [main] o.s.w.s.m.m.a.RequestMappingHandlerMapping:547 [INFO]: Mapped "{[/pss/api/consume/query_purchase_history],methods=[GET]}" onto public com.shop.pss.common.RestResult com.shop.pss.controller.PurchaseController.queryPurchaseHistory(int,int,java.lang.String,java.lang.String,java.lang.String,java.lang.String,java.lang.String)
2019-06-11 08:57:01.219 [main] o.s.w.s.m.m.a.RequestMappingHandlerMapping:547 [INFO]: Mapped "{[/pss/api/consume/query_score],methods=[GET]}" onto public com.shop.pss.common.RestResult com.shop.pss.controller.PurchaseController.queryScore(java.lang.String)
2019-06-11 08:57:01.219 [main] o.s.w.s.m.m.a.RequestMappingHandlerMapping:547 [INFO]: Mapped "{[/pss/api/consume/query_purchase],methods=[GET]}" onto public com.shop.pss.common.RestResult com.shop.pss.controller.PurchaseController.queryPurchase(int,int)
2019-06-11 08:57:01.221 [main] o.s.w.s.m.m.a.RequestMappingHandlerMapping:547 [INFO]: Mapped "{[/pss/api/user/set_pwd],methods=[POST]}" onto public com.shop.pss.common.RestResult com.shop.pss.controller.UserController.setPassword(java.lang.String,java.lang.String)
2019-06-11 08:57:01.221 [main] o.s.w.s.m.m.a.RequestMappingHandlerMapping:547 [INFO]: Mapped "{[/pss/api/user/update_user],methods=[POST]}" onto public com.shop.pss.common.RestResult com.shop.pss.controller.UserController.updateUser(com.shop.pss.bean.User)
2019-06-11 08:57:01.222 [main] o.s.w.s.m.m.a.RequestMappingHandlerMapping:547 [INFO]: Mapped "{[/pss/api/user/info],methods=[POST]}" onto public com.shop.pss.common.RestResult com.shop.pss.controller.UserController.currentUser()
2019-06-11 08:57:01.222 [main] o.s.w.s.m.m.a.RequestMappingHandlerMapping:547 [INFO]: Mapped "{[/pss/api/user/get_all_user],methods=[GET]}" onto public com.shop.pss.common.RestResult com.shop.pss.controller.UserController.getAllHr()
2019-06-11 08:57:01.223 [main] o.s.w.s.m.m.a.RequestMappingHandlerMapping:547 [INFO]: Mapped "{[/pss/api/user/retrieve_pwd],methods=[POST]}" onto public com.shop.pss.common.RestResult com.shop.pss.controller.UserController.retrievePwd(java.lang.String,java.lang.String,java.lang.String)
2019-06-11 08:57:01.223 [main] o.s.w.s.m.m.a.RequestMappingHandlerMapping:547 [INFO]: Mapped "{[/pss/api/user/reg_student_user],methods=[POST]}" onto public com.shop.pss.common.RestResult com.shop.pss.controller.UserController.regStudentUser(com.shop.pss.bean.User)
2019-06-11 08:57:01.224 [main] o.s.w.s.m.m.a.RequestMappingHandlerMapping:547 [INFO]: Mapped "{[/pss/api/wechat/wechataccess],methods=[GET]}" onto public java.lang.String com.shop.pss.controller.WxMsgAdapterController.getSuiteToken(java.lang.String,java.lang.String,java.lang.String,java.lang.String)
2019-06-11 08:57:01.228 [main] o.s.w.s.m.m.a.RequestMappingHandlerMapping:547 [INFO]: Mapped "{[/error]}" onto public org.springframework.http.ResponseEntity<java.util.Map<java.lang.String, java.lang.Object>> org.springframework.boot.autoconfigure.web.servlet.error.BasicErrorController.error(javax.servlet.http.HttpServletRequest)
2019-06-11 08:57:01.229 [main] o.s.w.s.m.m.a.RequestMappingHandlerMapping:547 [INFO]: Mapped "{[/error],produces=[text/html]}" onto public org.springframework.web.servlet.ModelAndView org.springframework.boot.autoconfigure.web.servlet.error.BasicErrorController.errorHtml(javax.servlet.http.HttpServletRequest,javax.servlet.http.HttpServletResponse)
2019-06-11 08:57:01.416 [main] o.s.w.s.handler.SimpleUrlHandlerMapping:373 [INFO]: Mapped URL path [/webjars/**] onto handler of type [class org.springframework.web.servlet.resource.ResourceHttpRequestHandler]
2019-06-11 08:57:01.416 [main] o.s.w.s.handler.SimpleUrlHandlerMapping:373 [INFO]: Mapped URL path [/**] onto handler of type [class org.springframework.web.servlet.resource.ResourceHttpRequestHandler]
2019-06-11 08:57:01.477 [main] o.s.s.web.DefaultSecurityFilterChain:43 [INFO]: Creating filter chain: org.springframework.security.web.util.matcher.AnyRequestMatcher@1, [org.springframework.security.web.context.request.async.WebAsyncManagerIntegrationFilter@7b14c61, org.springframework.security.web.context.SecurityContextPersistenceFilter@243bf087, org.springframework.security.web.header.HeaderWriterFilter@79d7035, org.springframework.web.filter.CorsFilter@8fcc534, org.springframework.security.web.authentication.logout.LogoutFilter@31f77791, org.springframework.security.web.authentication.UsernamePasswordAuthenticationFilter@74c9e11, org.springframework.security.web.savedrequest.RequestCacheAwareFilter@126f8f24, org.springframework.security.web.servletapi.SecurityContextHolderAwareRequestFilter@7c11d32, org.springframework.security.web.authentication.AnonymousAuthenticationFilter@5e599100, org.springframework.security.web.session.SessionManagementFilter@5fffb692, org.springframework.security.web.access.ExceptionTranslationFilter@7ce29a2d, org.springframework.security.web.access.intercept.FilterSecurityInterceptor@44b940a2]
2019-06-11 08:57:01.654 [main] o.s.w.s.m.m.a.RequestMappingHandlerAdapter:574 [INFO]: Looking for @ControllerAdvice: org.springframework.boot.web.servlet.context.AnnotationConfigServletWebServerApplicationContext@63fdab07: startup date [Tue Jun 11 08:56:53 CST 2019]; root of context hierarchy
2019-06-11 08:57:01.759 [main] o.s.w.s.m.m.a.ExceptionHandlerExceptionResolver:288 [INFO]: Detected @ExceptionHandler methods in exceptionAdvice
2019-06-11 08:57:02.358 [main] o.s.w.s.s.s.ServerEndpointExporter:149 [INFO]: Registering @ServerEndpoint class: class com.shop.pss.websocket.PssWebSocketHandler
2019-06-11 08:57:02.366 [main] o.s.j.e.a.AnnotationMBeanExporter:433 [INFO]: Registering beans for JMX exposure on startup
2019-06-11 08:57:02.368 [main] o.s.j.e.a.AnnotationMBeanExporter:895 [INFO]: Bean with name 'statFilter' has been autodetected for JMX exposure
2019-06-11 08:57:02.368 [main] o.s.j.e.a.AnnotationMBeanExporter:895 [INFO]: Bean with name 'dataSource' has been autodetected for JMX exposure
2019-06-11 08:57:02.374 [main] o.s.j.e.a.AnnotationMBeanExporter:668 [INFO]: Located MBean 'dataSource': registering with JMX server as MBean [com.alibaba.druid.spring.boot.autoconfigure:name=dataSource,type=DruidDataSourceWrapper]
2019-06-11 08:57:02.375 [main] o.s.j.e.a.AnnotationMBeanExporter:668 [INFO]: Located MBean 'statFilter': registering with JMX server as MBean [com.alibaba.druid.filter.stat:name=statFilter,type=StatFilter]
2019-06-11 08:57:02.380 [main] o.s.c.support.DefaultLifecycleProcessor:351 [INFO]: Starting beans in phase 2147483647
2019-06-11 08:57:02.420 [main] o.s.b.w.embedded.tomcat.TomcatWebServer:206 [INFO]: Tomcat started on port(s): 8080 (http) with context path ''
2019-06-11 08:57:02.425 [main] c.s.pss.PurchaseSaleStorageApplication:59 [INFO]: Started PurchaseSaleStorageApplication in 10.897 seconds (JVM running for 13.269)
2019-06-11 08:57:13.650 [main] c.s.pss.PurchaseSaleStorageApplication:50 [INFO]: Starting PurchaseSaleStorageApplication on DESKTOP-QRJUJBD with PID 18728 (E:\CODE\purchase-sale-storage\target\classes started by wangr in E:\CODE\purchase-sale-storage)
2019-06-11 08:57:13.654 [main] c.s.pss.PurchaseSaleStorageApplication:659 [INFO]: No active profile set, falling back to default profiles: default
2019-06-11 08:57:13.762 [main] o.s.b.w.s.c.AnnotationConfigServletWebServerApplicationContext:590 [INFO]: Refreshing org.springframework.boot.web.servlet.context.AnnotationConfigServletWebServerApplicationContext@2002348: startup date [Tue Jun 11 08:57:13 CST 2019]; root of context hierarchy
2019-06-11 08:57:15.385 [main] o.s.b.w.embedded.tomcat.TomcatWebServer:91 [INFO]: Tomcat initialized with port(s): 8080 (http)
2019-06-11 08:57:15.412 [main] org.apache.catalina.core.StandardService:180 [INFO]: Starting service [Tomcat]
2019-06-11 08:57:15.412 [main] org.apache.catalina.core.StandardEngine:180 [INFO]: Starting Servlet Engine: Apache Tomcat/8.5.29
2019-06-11 08:57:15.416 [localhost-startStop-1] o.a.catalina.core.AprLifecycleListener:180 [INFO]: The APR based Apache Tomcat Native library which allows optimal performance in production environments was not found on the java.library.path: [D:\Program Files\Java\jdk1.8.0_181\bin;C:\Windows\Sun\Java\bin;C:\Windows\system32;C:\Windows;C:\Program Files (x86)\Common Files\Oracle\Java\javapath;C:\Windows\system32;C:\Windows;C:\Windows\System32\Wbem;C:\Windows\System32\WindowsPowerShell\v1.0\;C:\Windows\System32\OpenSSH\;D:\Program Files\Java\jdk1.8.0_181\bin;D:\Program Files\Java\jdk1.8.0_181\jre\bin;D:\Program Files\Git\cmd;C:\Program Files\TortoiseSVN\bin;D:\Program Files\TortoiseGit\bin;%MAVEN_HOME%\bin;E:\apache-maven-3.5.0\bin;D:\Anaconda3;D:\Anaconda3\Scripts;E:\gradle-5.1\bin;D:\Program Files\nodejs\;D:\Program Files\nodejs\node_global;D:\Program Files\Redis\;C:\Users\wangr\AppData\Local\Microsoft\WindowsApps;C:\Users\wangr\AppData\Local\GitHubDesktop\bin;C:\Users\wangr\AppData\Roaming\npm;.]
2019-06-11 08:57:15.512 [localhost-startStop-1] o.a.c.c.C.[Tomcat].[localhost].[/]:180 [INFO]: Initializing Spring embedded WebApplicationContext
2019-06-11 08:57:15.513 [localhost-startStop-1] o.s.web.context.ContextLoader:285 [INFO]: Root WebApplicationContext: initialization completed in 1751 ms
2019-06-11 08:57:15.900 [localhost-startStop-1] o.s.b.web.servlet.FilterRegistrationBean:244 [INFO]: Mapping filter: 'characterEncodingFilter' to: [/*]
2019-06-11 08:57:15.910 [localhost-startStop-1] o.s.b.web.servlet.FilterRegistrationBean:244 [INFO]: Mapping filter: 'hiddenHttpMethodFilter' to: [/*]
2019-06-11 08:57:15.912 [localhost-startStop-1] o.s.b.web.servlet.FilterRegistrationBean:244 [INFO]: Mapping filter: 'httpPutFormContentFilter' to: [/*]
2019-06-11 08:57:15.915 [localhost-startStop-1] o.s.b.web.servlet.FilterRegistrationBean:244 [INFO]: Mapping filter: 'requestContextFilter' to: [/*]
2019-06-11 08:57:15.917 [localhost-startStop-1] o.s.b.w.s.DelegatingFilterProxyRegistrationBean:244 [INFO]: Mapping filter: 'springSecurityFilterChain' to: [/*]
2019-06-11 08:57:15.918 [localhost-startStop-1] o.s.b.web.servlet.FilterRegistrationBean:257 [INFO]: Mapping filter: 'webStatFilter' to urls: [/*]
2019-06-11 08:57:15.925 [localhost-startStop-1] o.s.b.w.servlet.ServletRegistrationBean:185 [INFO]: Servlet dispatcherServlet mapped to [/]
2019-06-11 08:57:15.927 [localhost-startStop-1] o.s.b.w.servlet.ServletRegistrationBean:185 [INFO]: Servlet statViewServlet mapped to [/druid/*]
2019-06-11 08:57:16.237 [main] c.a.d.s.b.a.DruidDataSourceAutoConfigure:56 [INFO]: Init DruidDataSource
2019-06-11 08:57:17.029 [main] com.alibaba.druid.pool.DruidDataSource:930 [INFO]: {dataSource-1} inited
2019-06-11 08:57:18.088 [main] com.shop.pss.config.ExecutorConfig:34 [INFO]: start asyncServiceExecutor
2019-06-11 08:57:18.092 [main] c.s.p.c.VisiableThreadPoolTaskExecutor:171 [INFO]: Initializing ExecutorService 
2019-06-11 08:57:18.100 [main] c.s.p.c.VisiableThreadPoolTaskExecutor:171 [INFO]: Initializing ExecutorService  'asyncServiceExecutor'
2019-06-11 08:57:18.395 [main] o.s.s.web.DefaultSecurityFilterChain:43 [INFO]: Creating filter chain: Ant [pattern='/pss/api/wechat/**'], []
2019-06-11 08:57:18.396 [main] o.s.s.web.DefaultSecurityFilterChain:43 [INFO]: Creating filter chain: Ant [pattern='/websocket/**'], []
2019-06-11 08:57:18.396 [main] o.s.s.web.DefaultSecurityFilterChain:43 [INFO]: Creating filter chain: Ant [pattern='/pss/api/user/retrieve_pwd'], []
2019-06-11 08:57:18.396 [main] o.s.s.web.DefaultSecurityFilterChain:43 [INFO]: Creating filter chain: Ant [pattern='/index.html'], []
2019-06-11 08:57:18.396 [main] o.s.s.web.DefaultSecurityFilterChain:43 [INFO]: Creating filter chain: Ant [pattern='/static/**'], []
2019-06-11 08:57:18.397 [main] o.s.s.web.DefaultSecurityFilterChain:43 [INFO]: Creating filter chain: Ant [pattern='/pss/api/login_p'], []
2019-06-11 08:57:18.397 [main] o.s.s.web.DefaultSecurityFilterChain:43 [INFO]: Creating filter chain: Ant [pattern='/favicon.ico'], []
2019-06-11 08:57:18.586 [main] o.s.w.s.s.s.WebSocketHandlerMapping:114 [WARN]: Neither 'urlMap' nor 'mappings' set on SimpleUrlHandlerMapping
2019-06-11 08:57:18.717 [main] o.s.w.s.handler.SimpleUrlHandlerMapping:373 [INFO]: Mapped URL path [/**/favicon.ico] onto handler of type [class org.springframework.web.servlet.resource.ResourceHttpRequestHandler]
2019-06-11 08:57:18.819 [main] o.s.w.s.m.m.a.RequestMappingHandlerMapping:547 [INFO]: Mapped "{[/pss/api/file/goods_stock_export],methods=[GET]}" onto public void com.shop.pss.controller.FileUploadController.goodsStockExport(javax.servlet.http.HttpServletRequest,javax.servlet.http.HttpServletResponse)
2019-06-11 08:57:18.821 [main] o.s.w.s.m.m.a.RequestMappingHandlerMapping:547 [INFO]: Mapped "{[/pss/api/file/purchase_history_export],methods=[GET]}" onto public void com.shop.pss.controller.FileUploadController.purchaseHistoryExport(java.lang.String,java.lang.String,java.lang.String,java.lang.String,java.lang.String,javax.servlet.http.HttpServletRequest,javax.servlet.http.HttpServletResponse)
2019-06-11 08:57:18.821 [main] o.s.w.s.m.m.a.RequestMappingHandlerMapping:547 [INFO]: Mapped "{[/pss/api/file/stock_history_export],methods=[GET]}" onto public void com.shop.pss.controller.FileUploadController.goodsStockHistoryExport(java.lang.String,java.lang.String,java.lang.String,java.lang.String,java.lang.String,javax.servlet.http.HttpServletRequest,javax.servlet.http.HttpServletResponse)
2019-06-11 08:57:18.825 [main] o.s.w.s.m.m.a.RequestMappingHandlerMapping:547 [INFO]: Mapped "{[/pss/api/stock/update_stock],methods=[POST]}" onto public synchronized com.shop.pss.common.RestResult com.shop.pss.controller.GoodsStockController.updateStock(com.shop.pss.bean.GoodsStock)
2019-06-11 08:57:18.826 [main] o.s.w.s.m.m.a.RequestMappingHandlerMapping:547 [INFO]: Mapped "{[/pss/api/stock/out_stock],methods=[POST]}" onto public synchronized com.shop.pss.common.RestResult com.shop.pss.controller.GoodsStockController.outStock(java.lang.String,com.shop.pss.bean.ListValidateWrapper<com.shop.pss.bean.GoodsStockDetailed>)
2019-06-11 08:57:18.826 [main] o.s.w.s.m.m.a.RequestMappingHandlerMapping:547 [INFO]: Mapped "{[/pss/api/stock/shortage],methods=[GET]}" onto public com.shop.pss.common.RestResult com.shop.pss.controller.GoodsStockController.shortage()
2019-06-11 08:57:18.827 [main] o.s.w.s.m.m.a.RequestMappingHandlerMapping:547 [INFO]: Mapped "{[/pss/api/stock/goods_out_history],methods=[GET]}" onto public com.shop.pss.common.RestResult com.shop.pss.controller.GoodsStockController.queryOutGoods(int,int,java.lang.String,java.lang.String,java.lang.String,java.lang.String)
2019-06-11 08:57:18.827 [main] o.s.w.s.m.m.a.RequestMappingHandlerMapping:547 [INFO]: Mapped "{[/pss/api/stock/put_stock],methods=[POST]}" onto public synchronized com.shop.pss.common.RestResult com.shop.pss.controller.GoodsStockController.putStock(com.shop.pss.bean.ListValidateWrapper<com.shop.pss.bean.GoodsStockDetailed>)
2019-06-11 08:57:18.828 [main] o.s.w.s.m.m.a.RequestMappingHandlerMapping:547 [INFO]: Mapped "{[/pss/api/stock/delete_stock],methods=[POST]}" onto public synchronized com.shop.pss.common.RestResult com.shop.pss.controller.GoodsStockController.deleteStock(java.util.List<java.lang.Long>)
2019-06-11 08:57:18.828 [main] o.s.w.s.m.m.a.RequestMappingHandlerMapping:547 [INFO]: Mapped "{[/pss/api/stock/goods_shortage_num],methods=[GET]}" onto public com.shop.pss.common.RestResult com.shop.pss.controller.GoodsStockController.goodsShortageNum()
2019-06-11 08:57:18.829 [main] o.s.w.s.m.m.a.RequestMappingHandlerMapping:547 [INFO]: Mapped "{[/pss/api/stock/query_goods],methods=[GET]}" onto public com.shop.pss.common.RestResult com.shop.pss.controller.GoodsStockController.queryAllGoodsStock(int,int,java.lang.String,java.lang.Integer)
2019-06-11 08:57:18.829 [main] o.s.w.s.m.m.a.RequestMappingHandlerMapping:547 [INFO]: Mapped "{[/pss/api/stock/goods_stock_history],methods=[GET]}" onto public com.shop.pss.common.RestResult com.shop.pss.controller.GoodsStockController.goodsStockHistory(int,int,java.lang.String,java.lang.String,java.lang.String,java.lang.String,java.lang.String)
2019-06-11 08:57:18.830 [main] o.s.w.s.m.m.a.RequestMappingHandlerMapping:547 [INFO]: Mapped "{[/pss/api/stock/goods_info],methods=[GET]}" onto public com.shop.pss.common.RestResult com.shop.pss.controller.GoodsStockController.queryGoodsInfoOne(java.lang.String)
2019-06-11 08:57:18.830 [main] o.s.w.s.m.m.a.RequestMappingHandlerMapping:547 [INFO]: Mapped "{[/pss/api/stock/set_shortage_num],methods=[POST]}" onto public com.shop.pss.common.RestResult com.shop.pss.controller.GoodsStockController.queryGoodsInfoOne(int)
2019-06-11 08:57:18.831 [main] o.s.w.s.m.m.a.RequestMappingHandlerMapping:547 [INFO]: Mapped "{[/login_p || ]}" onto public com.shop.pss.common.RestResult com.shop.pss.controller.LoginController.login()
2019-06-11 08:57:18.832 [main] o.s.w.s.m.m.a.RequestMappingHandlerMapping:547 [INFO]: Mapped "{[/pss/api/menu/sysmenu],methods=[POST]}" onto public com.shop.pss.common.RestResult com.shop.pss.controller.MenuController.sysmenu()
2019-06-11 08:57:18.833 [main] o.s.w.s.m.m.a.RequestMappingHandlerMapping:547 [INFO]: Mapped "{[/pss/api/consume/query_purchase],methods=[GET]}" onto public com.shop.pss.common.RestResult com.shop.pss.controller.PurchaseController.queryPurchase(int,int)
2019-06-11 08:57:18.833 [main] o.s.w.s.m.m.a.RequestMappingHandlerMapping:547 [INFO]: Mapped "{[/pss/api/consume/query_score],methods=[GET]}" onto public com.shop.pss.common.RestResult com.shop.pss.controller.PurchaseController.queryScore(java.lang.String)
2019-06-11 08:57:18.834 [main] o.s.w.s.m.m.a.RequestMappingHandlerMapping:547 [INFO]: Mapped "{[/pss/api/consume/query_purchase_history],methods=[GET]}" onto public com.shop.pss.common.RestResult com.shop.pss.controller.PurchaseController.queryPurchaseHistory(int,int,java.lang.String,java.lang.String,java.lang.String,java.lang.String,java.lang.String)
2019-06-11 08:57:18.835 [main] o.s.w.s.m.m.a.RequestMappingHandlerMapping:547 [INFO]: Mapped "{[/pss/api/user/set_pwd],methods=[POST]}" onto public com.shop.pss.common.RestResult com.shop.pss.controller.UserController.setPassword(java.lang.String,java.lang.String)
2019-06-11 08:57:18.836 [main] o.s.w.s.m.m.a.RequestMappingHandlerMapping:547 [INFO]: Mapped "{[/pss/api/user/retrieve_pwd],methods=[POST]}" onto public com.shop.pss.common.RestResult com.shop.pss.controller.UserController.retrievePwd(java.lang.String,java.lang.String,java.lang.String)
2019-06-11 08:57:18.836 [main] o.s.w.s.m.m.a.RequestMappingHandlerMapping:547 [INFO]: Mapped "{[/pss/api/user/reg_student_user],methods=[POST]}" onto public com.shop.pss.common.RestResult com.shop.pss.controller.UserController.regStudentUser(com.shop.pss.bean.User)
2019-06-11 08:57:18.836 [main] o.s.w.s.m.m.a.RequestMappingHandlerMapping:547 [INFO]: Mapped "{[/pss/api/user/get_all_user],methods=[GET]}" onto public com.shop.pss.common.RestResult com.shop.pss.controller.UserController.getAllHr()
2019-06-11 08:57:18.837 [main] o.s.w.s.m.m.a.RequestMappingHandlerMapping:547 [INFO]: Mapped "{[/pss/api/user/update_user],methods=[POST]}" onto public com.shop.pss.common.RestResult com.shop.pss.controller.UserController.updateUser(com.shop.pss.bean.User)
2019-06-11 08:57:18.837 [main] o.s.w.s.m.m.a.RequestMappingHandlerMapping:547 [INFO]: Mapped "{[/pss/api/user/info],methods=[POST]}" onto public com.shop.pss.common.RestResult com.shop.pss.controller.UserController.currentUser()
2019-06-11 08:57:18.838 [main] o.s.w.s.m.m.a.RequestMappingHandlerMapping:547 [INFO]: Mapped "{[/pss/api/wechat/wechataccess],methods=[GET]}" onto public java.lang.String com.shop.pss.controller.WxMsgAdapterController.getSuiteToken(java.lang.String,java.lang.String,java.lang.String,java.lang.String)
2019-06-11 08:57:18.843 [main] o.s.w.s.m.m.a.RequestMappingHandlerMapping:547 [INFO]: Mapped "{[/error]}" onto public org.springframework.http.ResponseEntity<java.util.Map<java.lang.String, java.lang.Object>> org.springframework.boot.autoconfigure.web.servlet.error.BasicErrorController.error(javax.servlet.http.HttpServletRequest)
2019-06-11 08:57:18.844 [main] o.s.w.s.m.m.a.RequestMappingHandlerMapping:547 [INFO]: Mapped "{[/error],produces=[text/html]}" onto public org.springframework.web.servlet.ModelAndView org.springframework.boot.autoconfigure.web.servlet.error.BasicErrorController.errorHtml(javax.servlet.http.HttpServletRequest,javax.servlet.http.HttpServletResponse)
2019-06-11 08:57:19.018 [main] o.s.w.s.handler.SimpleUrlHandlerMapping:373 [INFO]: Mapped URL path [/webjars/**] onto handler of type [class org.springframework.web.servlet.resource.ResourceHttpRequestHandler]
2019-06-11 08:57:19.018 [main] o.s.w.s.handler.SimpleUrlHandlerMapping:373 [INFO]: Mapped URL path [/**] onto handler of type [class org.springframework.web.servlet.resource.ResourceHttpRequestHandler]
2019-06-11 08:57:19.072 [main] o.s.s.web.DefaultSecurityFilterChain:43 [INFO]: Creating filter chain: org.springframework.security.web.util.matcher.AnyRequestMatcher@1, [org.springframework.security.web.context.request.async.WebAsyncManagerIntegrationFilter@ccd341d, org.springframework.security.web.context.SecurityContextPersistenceFilter@2bb41f5c, org.springframework.security.web.header.HeaderWriterFilter@114a5e0, org.springframework.web.filter.CorsFilter@4f1fb828, org.springframework.security.web.authentication.logout.LogoutFilter@b4732dc, org.springframework.security.web.authentication.UsernamePasswordAuthenticationFilter@66ec4409, org.springframework.security.web.savedrequest.RequestCacheAwareFilter@7da635c0, org.springframework.security.web.servletapi.SecurityContextHolderAwareRequestFilter@faea4da, org.springframework.security.web.authentication.AnonymousAuthenticationFilter@6ee5f485, org.springframework.security.web.session.SessionManagementFilter@5d508d22, org.springframework.security.web.access.ExceptionTranslationFilter@664e848c, org.springframework.security.web.access.intercept.FilterSecurityInterceptor@2eada095]
2019-06-11 08:57:19.229 [main] o.s.w.s.m.m.a.RequestMappingHandlerAdapter:574 [INFO]: Looking for @ControllerAdvice: org.springframework.boot.web.servlet.context.AnnotationConfigServletWebServerApplicationContext@2002348: startup date [Tue Jun 11 08:57:13 CST 2019]; root of context hierarchy
2019-06-11 08:57:19.340 [main] o.s.w.s.m.m.a.ExceptionHandlerExceptionResolver:288 [INFO]: Detected @ExceptionHandler methods in exceptionAdvice
2019-06-11 08:57:19.942 [main] o.s.w.s.s.s.ServerEndpointExporter:149 [INFO]: Registering @ServerEndpoint class: class com.shop.pss.websocket.PssWebSocketHandler
2019-06-11 08:57:19.951 [main] o.s.j.e.a.AnnotationMBeanExporter:433 [INFO]: Registering beans for JMX exposure on startup
2019-06-11 08:57:19.953 [main] o.s.j.e.a.AnnotationMBeanExporter:895 [INFO]: Bean with name 'statFilter' has been autodetected for JMX exposure
2019-06-11 08:57:19.953 [main] o.s.j.e.a.AnnotationMBeanExporter:895 [INFO]: Bean with name 'dataSource' has been autodetected for JMX exposure
2019-06-11 08:57:19.958 [main] o.s.j.e.a.AnnotationMBeanExporter:668 [INFO]: Located MBean 'dataSource': registering with JMX server as MBean [com.alibaba.druid.spring.boot.autoconfigure:name=dataSource,type=DruidDataSourceWrapper]
2019-06-11 08:57:19.959 [main] o.s.j.e.a.AnnotationMBeanExporter:668 [INFO]: Located MBean 'statFilter': registering with JMX server as MBean [com.alibaba.druid.filter.stat:name=statFilter,type=StatFilter]
2019-06-11 08:57:19.964 [main] o.s.c.support.DefaultLifecycleProcessor:351 [INFO]: Starting beans in phase 2147483647
2019-06-11 08:57:20.005 [main] o.s.b.w.embedded.tomcat.TomcatWebServer:206 [INFO]: Tomcat started on port(s): 8080 (http) with context path ''
2019-06-11 08:57:20.011 [main] c.s.pss.PurchaseSaleStorageApplication:59 [INFO]: Started PurchaseSaleStorageApplication in 7.084 seconds (JVM running for 8.536)
