2019-06-06 17:07:10.948 [http-nio-8080-exec-9] com.shop.pss.config.WebSecurityConfig:125 [INFO]: ------ login fail username:wangr
2019-06-06 17:09:21.451 [http-nio-8080-exec-3] com.shop.pss.config.WebSecurityConfig:125 [INFO]: ------ login fail username:wangr
2019-06-06 17:09:27.316 [http-nio-8080-exec-4] com.shop.pss.config.WebSecurityConfig:140 [INFO]: ------ login success username:wangr
2019-06-06 17:10:09.176 [http-nio-8080-exec-6] com.shop.pss.config.WebSecurityConfig:125 [INFO]: ------ login fail username:wangr1
2019-06-06 17:10:13.307 [http-nio-8080-exec-9] com.shop.pss.config.WebSecurityConfig:140 [INFO]: ------ login success username:wangr1
2019-06-06 17:30:24.020 [main] c.s.pss.PurchaseSaleStorageApplication:50 [INFO]: Starting PurchaseSaleStorageApplication on DESKTOP-QRJUJBD with PID 10636 (E:\CODE\purchase-sale-storage\target\classes started by wangr in E:\CODE\purchase-sale-storage)
2019-06-06 17:30:24.107 [main] c.s.pss.PurchaseSaleStorageApplication:659 [INFO]: No active profile set, falling back to default profiles: default
2019-06-06 17:30:24.564 [main] o.s.b.w.s.c.AnnotationConfigServletWebServerApplicationContext:590 [INFO]: Refreshing org.springframework.boot.web.servlet.context.AnnotationConfigServletWebServerApplicationContext@362045c0: startup date [Thu Jun 06 17:30:24 CST 2019]; root of context hierarchy
2019-06-06 17:30:32.882 [main] o.s.b.w.embedded.tomcat.TomcatWebServer:91 [INFO]: Tomcat initialized with port(s): 8080 (http)
2019-06-06 17:30:32.982 [main] org.apache.catalina.core.StandardService:180 [INFO]: Starting service [Tomcat]
2019-06-06 17:30:32.982 [main] org.apache.catalina.core.StandardEngine:180 [INFO]: Starting Servlet Engine: Apache Tomcat/8.5.29
2019-06-06 17:30:32.988 [localhost-startStop-1] o.a.catalina.core.AprLifecycleListener:180 [INFO]: The APR based Apache Tomcat Native library which allows optimal performance in production environments was not found on the java.library.path: [D:\Program Files\Java\jdk1.8.0_181\bin;C:\Windows\Sun\Java\bin;C:\Windows\system32;C:\Windows;C:\Program Files (x86)\Common Files\Oracle\Java\javapath;C:\Windows\system32;C:\Windows;C:\Windows\System32\Wbem;C:\Windows\System32\WindowsPowerShell\v1.0\;C:\Windows\System32\OpenSSH\;D:\Program Files\Java\jdk1.8.0_181\bin;D:\Program Files\Java\jdk1.8.0_181\jre\bin;D:\Program Files\Git\cmd;C:\Program Files\TortoiseSVN\bin;D:\Program Files\TortoiseGit\bin;%MAVEN_HOME%\bin;E:\apache-maven-3.5.0\bin;D:\Anaconda3;D:\Anaconda3\Scripts;E:\gradle-5.1\bin;D:\Program Files\nodejs\;D:\Program Files\nodejs\node_global;D:\Program Files\Redis\;C:\Users\wangr\AppData\Local\Microsoft\WindowsApps;C:\Users\wangr\AppData\Local\GitHubDesktop\bin;C:\Users\wangr\AppData\Roaming\npm;.]
2019-06-06 17:30:33.157 [localhost-startStop-1] o.a.c.c.C.[Tomcat].[localhost].[/]:180 [INFO]: Initializing Spring embedded WebApplicationContext
2019-06-06 17:30:33.157 [localhost-startStop-1] o.s.web.context.ContextLoader:285 [INFO]: Root WebApplicationContext: initialization completed in 8593 ms
2019-06-06 17:30:33.656 [localhost-startStop-1] o.s.b.web.servlet.FilterRegistrationBean:244 [INFO]: Mapping filter: 'characterEncodingFilter' to: [/*]
2019-06-06 17:30:33.658 [localhost-startStop-1] o.s.b.web.servlet.FilterRegistrationBean:244 [INFO]: Mapping filter: 'hiddenHttpMethodFilter' to: [/*]
2019-06-06 17:30:33.659 [localhost-startStop-1] o.s.b.web.servlet.FilterRegistrationBean:244 [INFO]: Mapping filter: 'httpPutFormContentFilter' to: [/*]
2019-06-06 17:30:33.660 [localhost-startStop-1] o.s.b.web.servlet.FilterRegistrationBean:244 [INFO]: Mapping filter: 'requestContextFilter' to: [/*]
2019-06-06 17:30:33.662 [localhost-startStop-1] o.s.b.w.s.DelegatingFilterProxyRegistrationBean:244 [INFO]: Mapping filter: 'springSecurityFilterChain' to: [/*]
2019-06-06 17:30:33.664 [localhost-startStop-1] o.s.b.web.servlet.FilterRegistrationBean:257 [INFO]: Mapping filter: 'webStatFilter' to urls: [/*]
2019-06-06 17:30:33.665 [localhost-startStop-1] o.s.b.w.servlet.ServletRegistrationBean:185 [INFO]: Servlet dispatcherServlet mapped to [/]
2019-06-06 17:30:33.670 [localhost-startStop-1] o.s.b.w.servlet.ServletRegistrationBean:185 [INFO]: Servlet statViewServlet mapped to [/druid/*]
2019-06-06 17:30:34.177 [main] c.a.d.s.b.a.DruidDataSourceAutoConfigure:56 [INFO]: Init DruidDataSource
2019-06-06 17:30:35.097 [main] com.alibaba.druid.pool.DruidDataSource:930 [INFO]: {dataSource-1} inited
2019-06-06 17:30:37.415 [main] com.shop.pss.config.ExecutorConfig:34 [INFO]: start asyncServiceExecutor
2019-06-06 17:30:37.419 [main] c.s.p.c.VisiableThreadPoolTaskExecutor:171 [INFO]: Initializing ExecutorService 
2019-06-06 17:30:37.428 [main] c.s.p.c.VisiableThreadPoolTaskExecutor:171 [INFO]: Initializing ExecutorService  'asyncServiceExecutor'
2019-06-06 17:30:38.220 [main] o.s.s.web.DefaultSecurityFilterChain:43 [INFO]: Creating filter chain: Ant [pattern='/pss/api/wechat/**'], []
2019-06-06 17:30:38.220 [main] o.s.s.web.DefaultSecurityFilterChain:43 [INFO]: Creating filter chain: Ant [pattern='/websocket/**'], []
2019-06-06 17:30:38.220 [main] o.s.s.web.DefaultSecurityFilterChain:43 [INFO]: Creating filter chain: Ant [pattern='/pss/api/user/retrieve_pwd'], []
2019-06-06 17:30:38.221 [main] o.s.s.web.DefaultSecurityFilterChain:43 [INFO]: Creating filter chain: Ant [pattern='/index.html'], []
2019-06-06 17:30:38.221 [main] o.s.s.web.DefaultSecurityFilterChain:43 [INFO]: Creating filter chain: Ant [pattern='/static/**'], []
2019-06-06 17:30:38.221 [main] o.s.s.web.DefaultSecurityFilterChain:43 [INFO]: Creating filter chain: Ant [pattern='/pss/api/login_p'], []
2019-06-06 17:30:38.221 [main] o.s.s.web.DefaultSecurityFilterChain:43 [INFO]: Creating filter chain: Ant [pattern='/favicon.ico'], []
2019-06-06 17:30:38.531 [main] o.s.w.s.s.s.WebSocketHandlerMapping:114 [WARN]: Neither 'urlMap' nor 'mappings' set on SimpleUrlHandlerMapping
2019-06-06 17:30:38.704 [main] o.s.w.s.handler.SimpleUrlHandlerMapping:373 [INFO]: Mapped URL path [/**/favicon.ico] onto handler of type [class org.springframework.web.servlet.resource.ResourceHttpRequestHandler]
2019-06-06 17:30:38.984 [main] o.s.w.s.m.m.a.RequestMappingHandlerMapping:547 [INFO]: Mapped "{[/pss/api/file/stock_history_export],methods=[GET]}" onto public void com.shop.pss.controller.FileUploadController.goodsStockHistoryExport(java.lang.String,java.lang.String,java.lang.String,java.lang.String,java.lang.String,javax.servlet.http.HttpServletRequest,javax.servlet.http.HttpServletResponse)
2019-06-06 17:30:38.986 [main] o.s.w.s.m.m.a.RequestMappingHandlerMapping:547 [INFO]: Mapped "{[/pss/api/file/purchase_history_export],methods=[GET]}" onto public void com.shop.pss.controller.FileUploadController.purchaseHistoryExport(java.lang.String,java.lang.String,java.lang.String,java.lang.String,java.lang.String,javax.servlet.http.HttpServletRequest,javax.servlet.http.HttpServletResponse)
2019-06-06 17:30:38.987 [main] o.s.w.s.m.m.a.RequestMappingHandlerMapping:547 [INFO]: Mapped "{[/pss/api/file/goods_stock_export],methods=[GET]}" onto public void com.shop.pss.controller.FileUploadController.goodsStockExport(javax.servlet.http.HttpServletRequest,javax.servlet.http.HttpServletResponse)
2019-06-06 17:30:38.990 [main] o.s.w.s.m.m.a.RequestMappingHandlerMapping:547 [INFO]: Mapped "{[/pss/api/stock/set_shortage_num],methods=[POST]}" onto public com.shop.pss.common.RestResult com.shop.pss.controller.GoodsStockController.queryGoodsInfoOne(int)
2019-06-06 17:30:38.991 [main] o.s.w.s.m.m.a.RequestMappingHandlerMapping:547 [INFO]: Mapped "{[/pss/api/stock/goods_info],methods=[GET]}" onto public com.shop.pss.common.RestResult com.shop.pss.controller.GoodsStockController.queryGoodsInfoOne(java.lang.String)
2019-06-06 17:30:38.991 [main] o.s.w.s.m.m.a.RequestMappingHandlerMapping:547 [INFO]: Mapped "{[/pss/api/stock/query_goods],methods=[GET]}" onto public com.shop.pss.common.RestResult com.shop.pss.controller.GoodsStockController.queryAllGoodsStock(int,int,java.lang.String,java.lang.Integer)
2019-06-06 17:30:38.992 [main] o.s.w.s.m.m.a.RequestMappingHandlerMapping:547 [INFO]: Mapped "{[/pss/api/stock/goods_stock_history],methods=[GET]}" onto public com.shop.pss.common.RestResult com.shop.pss.controller.GoodsStockController.goodsStockHistory(int,int,java.lang.String,java.lang.String,java.lang.String,java.lang.String,java.lang.String)
2019-06-06 17:30:38.992 [main] o.s.w.s.m.m.a.RequestMappingHandlerMapping:547 [INFO]: Mapped "{[/pss/api/stock/put_stock],methods=[POST]}" onto public synchronized com.shop.pss.common.RestResult com.shop.pss.controller.GoodsStockController.putStock(com.shop.pss.bean.ListValidateWrapper<com.shop.pss.bean.GoodsStockDetailed>)
2019-06-06 17:30:38.993 [main] o.s.w.s.m.m.a.RequestMappingHandlerMapping:547 [INFO]: Mapped "{[/pss/api/stock/update_stock],methods=[POST]}" onto public synchronized com.shop.pss.common.RestResult com.shop.pss.controller.GoodsStockController.updateStock(com.shop.pss.bean.GoodsStock)
2019-06-06 17:30:38.994 [main] o.s.w.s.m.m.a.RequestMappingHandlerMapping:547 [INFO]: Mapped "{[/pss/api/stock/shortage],methods=[GET]}" onto public com.shop.pss.common.RestResult com.shop.pss.controller.GoodsStockController.shortage()
2019-06-06 17:30:38.994 [main] o.s.w.s.m.m.a.RequestMappingHandlerMapping:547 [INFO]: Mapped "{[/pss/api/stock/goods_shortage_num],methods=[GET]}" onto public com.shop.pss.common.RestResult com.shop.pss.controller.GoodsStockController.goodsShortageNum()
2019-06-06 17:30:38.995 [main] o.s.w.s.m.m.a.RequestMappingHandlerMapping:547 [INFO]: Mapped "{[/pss/api/stock/delete_stock],methods=[POST]}" onto public synchronized com.shop.pss.common.RestResult com.shop.pss.controller.GoodsStockController.deleteStock(java.util.List<java.lang.Long>)
2019-06-06 17:30:38.996 [main] o.s.w.s.m.m.a.RequestMappingHandlerMapping:547 [INFO]: Mapped "{[/pss/api/stock/out_stock],methods=[POST]}" onto public synchronized com.shop.pss.common.RestResult com.shop.pss.controller.GoodsStockController.outStock(java.lang.String,com.shop.pss.bean.ListValidateWrapper<com.shop.pss.bean.GoodsStockDetailed>)
2019-06-06 17:30:38.996 [main] o.s.w.s.m.m.a.RequestMappingHandlerMapping:547 [INFO]: Mapped "{[/pss/api/stock/goods_out_history],methods=[GET]}" onto public com.shop.pss.common.RestResult com.shop.pss.controller.GoodsStockController.queryOutGoods(int,int,java.lang.String,java.lang.String,java.lang.String,java.lang.String)
2019-06-06 17:30:38.997 [main] o.s.w.s.m.m.a.RequestMappingHandlerMapping:547 [INFO]: Mapped "{[/login_p || ]}" onto public com.shop.pss.common.RestResult com.shop.pss.controller.LoginController.login()
2019-06-06 17:30:38.997 [main] o.s.w.s.m.m.a.RequestMappingHandlerMapping:547 [INFO]: Mapped "{[/pss/api/menu/sysmenu],methods=[POST]}" onto public com.shop.pss.common.RestResult com.shop.pss.controller.MenuController.sysmenu()
2019-06-06 17:30:38.998 [main] o.s.w.s.m.m.a.RequestMappingHandlerMapping:547 [INFO]: Mapped "{[/pss/api/consume/query_purchase_history],methods=[GET]}" onto public com.shop.pss.common.RestResult com.shop.pss.controller.PurchaseController.queryPurchaseHistory(int,int,java.lang.String,java.lang.String,java.lang.String,java.lang.String,java.lang.String)
2019-06-06 17:30:38.999 [main] o.s.w.s.m.m.a.RequestMappingHandlerMapping:547 [INFO]: Mapped "{[/pss/api/consume/query_score],methods=[GET]}" onto public com.shop.pss.common.RestResult com.shop.pss.controller.PurchaseController.queryScore(java.lang.String)
2019-06-06 17:30:38.999 [main] o.s.w.s.m.m.a.RequestMappingHandlerMapping:547 [INFO]: Mapped "{[/pss/api/consume/query_purchase],methods=[GET]}" onto public com.shop.pss.common.RestResult com.shop.pss.controller.PurchaseController.queryPurchase(int,int)
2019-06-06 17:30:39.001 [main] o.s.w.s.m.m.a.RequestMappingHandlerMapping:547 [INFO]: Mapped "{[/pss/api/user/set_pwd],methods=[POST]}" onto public com.shop.pss.common.RestResult com.shop.pss.controller.UserController.setPassword(java.lang.String,java.lang.String)
2019-06-06 17:30:39.001 [main] o.s.w.s.m.m.a.RequestMappingHandlerMapping:547 [INFO]: Mapped "{[/pss/api/user/update_pwd],methods=[POST]}" onto public com.shop.pss.common.RestResult com.shop.pss.controller.UserController.updatePwd(java.lang.Long,java.lang.String)
2019-06-06 17:30:39.002 [main] o.s.w.s.m.m.a.RequestMappingHandlerMapping:547 [INFO]: Mapped "{[/pss/api/user/get_all_user],methods=[GET]}" onto public com.shop.pss.common.RestResult com.shop.pss.controller.UserController.getAllHr()
2019-06-06 17:30:39.002 [main] o.s.w.s.m.m.a.RequestMappingHandlerMapping:547 [INFO]: Mapped "{[/pss/api/user/retrieve_pwd],methods=[POST]}" onto public com.shop.pss.common.RestResult com.shop.pss.controller.UserController.retrievePwd(java.lang.String,java.lang.String,java.lang.String)
2019-06-06 17:30:39.002 [main] o.s.w.s.m.m.a.RequestMappingHandlerMapping:547 [INFO]: Mapped "{[/pss/api/user/reg_student_user],methods=[POST]}" onto public com.shop.pss.common.RestResult com.shop.pss.controller.UserController.regStudentUser(com.shop.pss.bean.User)
2019-06-06 17:30:39.003 [main] o.s.w.s.m.m.a.RequestMappingHandlerMapping:547 [INFO]: Mapped "{[/pss/api/user/info],methods=[POST]}" onto public com.shop.pss.common.RestResult com.shop.pss.controller.UserController.currentUser()
2019-06-06 17:30:39.004 [main] o.s.w.s.m.m.a.RequestMappingHandlerMapping:547 [INFO]: Mapped "{[/pss/api/wechat/wechataccess],methods=[GET]}" onto public java.lang.String com.shop.pss.controller.WxMsgAdapterController.getSuiteToken(java.lang.String,java.lang.String,java.lang.String,java.lang.String)
2019-06-06 17:30:39.007 [main] o.s.w.s.m.m.a.RequestMappingHandlerMapping:547 [INFO]: Mapped "{[/error]}" onto public org.springframework.http.ResponseEntity<java.util.Map<java.lang.String, java.lang.Object>> org.springframework.boot.autoconfigure.web.servlet.error.BasicErrorController.error(javax.servlet.http.HttpServletRequest)
2019-06-06 17:30:39.008 [main] o.s.w.s.m.m.a.RequestMappingHandlerMapping:547 [INFO]: Mapped "{[/error],produces=[text/html]}" onto public org.springframework.web.servlet.ModelAndView org.springframework.boot.autoconfigure.web.servlet.error.BasicErrorController.errorHtml(javax.servlet.http.HttpServletRequest,javax.servlet.http.HttpServletResponse)
2019-06-06 17:30:39.179 [main] o.s.w.s.handler.SimpleUrlHandlerMapping:373 [INFO]: Mapped URL path [/webjars/**] onto handler of type [class org.springframework.web.servlet.resource.ResourceHttpRequestHandler]
2019-06-06 17:30:39.180 [main] o.s.w.s.handler.SimpleUrlHandlerMapping:373 [INFO]: Mapped URL path [/**] onto handler of type [class org.springframework.web.servlet.resource.ResourceHttpRequestHandler]
2019-06-06 17:30:39.242 [main] o.s.s.web.DefaultSecurityFilterChain:43 [INFO]: Creating filter chain: org.springframework.security.web.util.matcher.AnyRequestMatcher@1, [org.springframework.security.web.context.request.async.WebAsyncManagerIntegrationFilter@3e26482, org.springframework.security.web.context.SecurityContextPersistenceFilter@171dc7c3, org.springframework.security.web.header.HeaderWriterFilter@43245559, org.springframework.web.filter.CorsFilter@7cfb0c4c, org.springframework.security.web.authentication.logout.LogoutFilter@aa61e4e, org.springframework.security.web.authentication.UsernamePasswordAuthenticationFilter@7b222230, org.springframework.security.web.savedrequest.RequestCacheAwareFilter@4cdba2ed, org.springframework.security.web.servletapi.SecurityContextHolderAwareRequestFilter@4a058df8, org.springframework.security.web.authentication.AnonymousAuthenticationFilter@6b37df8e, org.springframework.security.web.session.SessionManagementFilter@499ee966, org.springframework.security.web.access.ExceptionTranslationFilter@715f45c6, org.springframework.security.web.access.intercept.FilterSecurityInterceptor@226de93c]
2019-06-06 17:30:39.538 [main] o.s.w.s.m.m.a.RequestMappingHandlerAdapter:574 [INFO]: Looking for @ControllerAdvice: org.springframework.boot.web.servlet.context.AnnotationConfigServletWebServerApplicationContext@362045c0: startup date [Thu Jun 06 17:30:24 CST 2019]; root of context hierarchy
2019-06-06 17:30:39.674 [main] o.s.w.s.m.m.a.ExceptionHandlerExceptionResolver:288 [INFO]: Detected @ExceptionHandler methods in exceptionAdvice
2019-06-06 17:30:40.754 [main] o.s.w.s.s.s.ServerEndpointExporter:149 [INFO]: Registering @ServerEndpoint class: class com.shop.pss.websocket.PssWebSocketHandler
2019-06-06 17:30:40.763 [main] o.s.j.e.a.AnnotationMBeanExporter:433 [INFO]: Registering beans for JMX exposure on startup
2019-06-06 17:30:40.764 [main] o.s.j.e.a.AnnotationMBeanExporter:895 [INFO]: Bean with name 'statFilter' has been autodetected for JMX exposure
2019-06-06 17:30:40.764 [main] o.s.j.e.a.AnnotationMBeanExporter:895 [INFO]: Bean with name 'dataSource' has been autodetected for JMX exposure
2019-06-06 17:30:40.770 [main] o.s.j.e.a.AnnotationMBeanExporter:668 [INFO]: Located MBean 'dataSource': registering with JMX server as MBean [com.alibaba.druid.spring.boot.autoconfigure:name=dataSource,type=DruidDataSourceWrapper]
2019-06-06 17:30:40.771 [main] o.s.j.e.a.AnnotationMBeanExporter:668 [INFO]: Located MBean 'statFilter': registering with JMX server as MBean [com.alibaba.druid.filter.stat:name=statFilter,type=StatFilter]
2019-06-06 17:30:40.826 [main] o.s.c.support.DefaultLifecycleProcessor:351 [INFO]: Starting beans in phase 2147483647
2019-06-06 17:30:40.920 [main] o.s.b.w.embedded.tomcat.TomcatWebServer:206 [INFO]: Tomcat started on port(s): 8080 (http) with context path ''
2019-06-06 17:30:40.924 [main] c.s.pss.PurchaseSaleStorageApplication:59 [INFO]: Started PurchaseSaleStorageApplication in 18.874 seconds (JVM running for 24.714)
2019-06-06 17:30:55.581 [http-nio-8080-exec-1] o.a.c.c.C.[Tomcat].[localhost].[/]:180 [INFO]: Initializing Spring FrameworkServlet 'dispatcherServlet'
2019-06-06 17:30:55.581 [http-nio-8080-exec-1] o.s.web.servlet.DispatcherServlet:494 [INFO]: FrameworkServlet 'dispatcherServlet': initialization started
2019-06-06 17:30:55.622 [http-nio-8080-exec-1] o.s.web.servlet.DispatcherServlet:509 [INFO]: FrameworkServlet 'dispatcherServlet': initialization completed in 40 ms
2019-06-06 17:30:56.861 [http-nio-8080-exec-1] com.shop.pss.config.WebSecurityConfig:138 [INFO]: ------ login success username:wangr1
