2019-06-29 08:08:16.811 [main] c.s.pss.PurchaseSaleStorageApplication:50 [INFO]: Starting PurchaseSaleStorageApplication on DESKTOP-QRJUJBD with PID 13288 (E:\CODE\purchase-sale-storage\target\classes started by wangr in E:\CODE\purchase-sale-storage)
2019-06-29 08:08:16.945 [main] c.s.pss.PurchaseSaleStorageApplication:659 [INFO]: No active profile set, falling back to default profiles: default
2019-06-29 08:08:17.435 [main] o.s.b.w.s.c.AnnotationConfigServletWebServerApplicationContext:590 [INFO]: Refreshing org.springframework.boot.web.servlet.context.AnnotationConfigServletWebServerApplicationContext@c2db68f: startup date [Sat Jun 29 08:08:17 CST 2019]; root of context hierarchy
2019-06-29 08:08:25.748 [main] o.s.b.w.embedded.tomcat.TomcatWebServer:91 [INFO]: Tomcat initialized with port(s): 8080 (http)
2019-06-29 08:08:25.824 [main] org.apache.catalina.core.StandardService:180 [INFO]: Starting service [Tomcat]
2019-06-29 08:08:25.824 [main] org.apache.catalina.core.StandardEngine:180 [INFO]: Starting Servlet Engine: Apache Tomcat/8.5.29
2019-06-29 08:08:25.830 [localhost-startStop-1] o.a.catalina.core.AprLifecycleListener:180 [INFO]: The APR based Apache Tomcat Native library which allows optimal performance in production environments was not found on the java.library.path: [D:\Program Files\Java\jdk1.8.0_181\bin;C:\Windows\Sun\Java\bin;C:\Windows\system32;C:\Windows;C:\Program Files (x86)\Common Files\Oracle\Java\javapath;C:\Windows\system32;C:\Windows;C:\Windows\System32\Wbem;C:\Windows\System32\WindowsPowerShell\v1.0\;C:\Windows\System32\OpenSSH\;D:\Program Files\Java\jdk1.8.0_181\bin;D:\Program Files\Java\jdk1.8.0_181\jre\bin;D:\Program Files\Git\cmd;C:\Program Files\TortoiseSVN\bin;D:\Program Files\TortoiseGit\bin;%MAVEN_HOME%\bin;E:\apache-maven-3.5.0\bin;D:\Anaconda3;D:\Anaconda3\Scripts;E:\gradle-5.1\bin;D:\Program Files\nodejs\;D:\Program Files\nodejs\node_global;D:\Program Files\Redis\;C:\Go\bin;C:\Users\wangr\AppData\Local\Microsoft\WindowsApps;C:\Users\wangr\AppData\Local\GitHubDesktop\bin;C:\Users\wangr\AppData\Roaming\npm;C:\Users\wangr\go\bin;.]
2019-06-29 08:08:26.422 [localhost-startStop-1] o.a.c.c.C.[Tomcat].[localhost].[/]:180 [INFO]: Initializing Spring embedded WebApplicationContext
2019-06-29 08:08:26.423 [localhost-startStop-1] o.s.web.context.ContextLoader:285 [INFO]: Root WebApplicationContext: initialization completed in 8988 ms
2019-06-29 08:08:27.480 [localhost-startStop-1] o.s.b.web.servlet.FilterRegistrationBean:244 [INFO]: Mapping filter: 'characterEncodingFilter' to: [/*]
2019-06-29 08:08:27.481 [localhost-startStop-1] o.s.b.web.servlet.FilterRegistrationBean:244 [INFO]: Mapping filter: 'hiddenHttpMethodFilter' to: [/*]
2019-06-29 08:08:27.481 [localhost-startStop-1] o.s.b.web.servlet.FilterRegistrationBean:244 [INFO]: Mapping filter: 'httpPutFormContentFilter' to: [/*]
2019-06-29 08:08:27.482 [localhost-startStop-1] o.s.b.web.servlet.FilterRegistrationBean:244 [INFO]: Mapping filter: 'requestContextFilter' to: [/*]
2019-06-29 08:08:27.483 [localhost-startStop-1] o.s.b.w.s.DelegatingFilterProxyRegistrationBean:244 [INFO]: Mapping filter: 'springSecurityFilterChain' to: [/*]
2019-06-29 08:08:27.483 [localhost-startStop-1] o.s.b.web.servlet.FilterRegistrationBean:257 [INFO]: Mapping filter: 'webStatFilter' to urls: [/*]
2019-06-29 08:08:27.483 [localhost-startStop-1] o.s.b.w.servlet.ServletRegistrationBean:185 [INFO]: Servlet dispatcherServlet mapped to [/]
2019-06-29 08:08:27.485 [localhost-startStop-1] o.s.b.w.servlet.ServletRegistrationBean:185 [INFO]: Servlet statViewServlet mapped to [/druid/*]
2019-06-29 08:08:28.882 [main] c.a.d.s.b.a.DruidDataSourceAutoConfigure:56 [INFO]: Init DruidDataSource
2019-06-29 08:08:29.945 [main] com.alibaba.druid.pool.DruidDataSource:930 [INFO]: {dataSource-1} inited
2019-06-29 08:08:31.940 [main] com.shop.pss.config.ExecutorConfig:34 [INFO]: start asyncServiceExecutor
2019-06-29 08:08:31.943 [main] c.s.p.c.VisiableThreadPoolTaskExecutor:171 [INFO]: Initializing ExecutorService 
2019-06-29 08:08:31.953 [main] c.s.p.c.VisiableThreadPoolTaskExecutor:171 [INFO]: Initializing ExecutorService  'asyncServiceExecutor'
2019-06-29 08:08:33.021 [main] o.s.s.web.DefaultSecurityFilterChain:43 [INFO]: Creating filter chain: Ant [pattern='/pss/api/wechat/**'], []
2019-06-29 08:08:33.021 [main] o.s.s.web.DefaultSecurityFilterChain:43 [INFO]: Creating filter chain: Ant [pattern='/websocket/**'], []
2019-06-29 08:08:33.022 [main] o.s.s.web.DefaultSecurityFilterChain:43 [INFO]: Creating filter chain: Ant [pattern='/pss/api/user/retrieve_pwd'], []
2019-06-29 08:08:33.022 [main] o.s.s.web.DefaultSecurityFilterChain:43 [INFO]: Creating filter chain: Ant [pattern='/index.html'], []
2019-06-29 08:08:33.022 [main] o.s.s.web.DefaultSecurityFilterChain:43 [INFO]: Creating filter chain: Ant [pattern='/static/**'], []
2019-06-29 08:08:33.022 [main] o.s.s.web.DefaultSecurityFilterChain:43 [INFO]: Creating filter chain: Ant [pattern='/pss/api/login_p'], []
2019-06-29 08:08:33.022 [main] o.s.s.web.DefaultSecurityFilterChain:43 [INFO]: Creating filter chain: Ant [pattern='/favicon.ico'], []
2019-06-29 08:08:33.256 [main] o.s.w.s.s.s.WebSocketHandlerMapping:114 [WARN]: Neither 'urlMap' nor 'mappings' set on SimpleUrlHandlerMapping
2019-06-29 08:08:33.417 [main] o.s.w.s.handler.SimpleUrlHandlerMapping:373 [INFO]: Mapped URL path [/**/favicon.ico] onto handler of type [class org.springframework.web.servlet.resource.ResourceHttpRequestHandler]
2019-06-29 08:08:33.664 [main] o.s.w.s.m.m.a.RequestMappingHandlerMapping:547 [INFO]: Mapped "{[/pss/api/file/goods_stock_export],methods=[GET]}" onto public void com.shop.pss.controller.FileUploadController.goodsStockExport(javax.servlet.http.HttpServletRequest,javax.servlet.http.HttpServletResponse)
2019-06-29 08:08:33.667 [main] o.s.w.s.m.m.a.RequestMappingHandlerMapping:547 [INFO]: Mapped "{[/pss/api/file/stock_history_export],methods=[GET]}" onto public void com.shop.pss.controller.FileUploadController.goodsStockHistoryExport(java.lang.String,java.lang.String,java.lang.String,java.lang.String,java.lang.String,javax.servlet.http.HttpServletRequest,javax.servlet.http.HttpServletResponse)
2019-06-29 08:08:33.668 [main] o.s.w.s.m.m.a.RequestMappingHandlerMapping:547 [INFO]: Mapped "{[/pss/api/file/purchase_history_export],methods=[GET]}" onto public void com.shop.pss.controller.FileUploadController.purchaseHistoryExport(java.lang.String,java.lang.String,java.lang.String,java.lang.String,java.lang.String,javax.servlet.http.HttpServletRequest,javax.servlet.http.HttpServletResponse)
2019-06-29 08:08:33.672 [main] o.s.w.s.m.m.a.RequestMappingHandlerMapping:547 [INFO]: Mapped "{[/pss/api/stock/update_stock],methods=[POST]}" onto public synchronized com.shop.pss.common.RestResult com.shop.pss.controller.GoodsStockController.updateStock(com.shop.pss.bean.GoodsStock)
2019-06-29 08:08:33.674 [main] o.s.w.s.m.m.a.RequestMappingHandlerMapping:547 [INFO]: Mapped "{[/pss/api/stock/put_stock],methods=[POST]}" onto public synchronized com.shop.pss.common.RestResult com.shop.pss.controller.GoodsStockController.putStock(com.shop.pss.bean.ListValidateWrapper<com.shop.pss.bean.GoodsStockDetailed>)
2019-06-29 08:08:33.675 [main] o.s.w.s.m.m.a.RequestMappingHandlerMapping:547 [INFO]: Mapped "{[/pss/api/stock/delete_stock],methods=[POST]}" onto public synchronized com.shop.pss.common.RestResult com.shop.pss.controller.GoodsStockController.deleteStock(java.util.List<java.lang.Long>)
2019-06-29 08:08:33.676 [main] o.s.w.s.m.m.a.RequestMappingHandlerMapping:547 [INFO]: Mapped "{[/pss/api/stock/goods_out_history],methods=[GET]}" onto public com.shop.pss.common.RestResult com.shop.pss.controller.GoodsStockController.queryOutGoods(int,int,java.lang.String,java.lang.String,java.lang.String,java.lang.String)
2019-06-29 08:08:33.677 [main] o.s.w.s.m.m.a.RequestMappingHandlerMapping:547 [INFO]: Mapped "{[/pss/api/stock/out_stock],methods=[POST]}" onto public synchronized com.shop.pss.common.RestResult com.shop.pss.controller.GoodsStockController.outStock(java.lang.String,com.shop.pss.bean.ListValidateWrapper<com.shop.pss.bean.GoodsStockDetailed>)
2019-06-29 08:08:33.677 [main] o.s.w.s.m.m.a.RequestMappingHandlerMapping:547 [INFO]: Mapped "{[/pss/api/stock/goods_shortage_num],methods=[GET]}" onto public com.shop.pss.common.RestResult com.shop.pss.controller.GoodsStockController.goodsShortageNum()
2019-06-29 08:08:33.678 [main] o.s.w.s.m.m.a.RequestMappingHandlerMapping:547 [INFO]: Mapped "{[/pss/api/stock/shortage],methods=[GET]}" onto public com.shop.pss.common.RestResult com.shop.pss.controller.GoodsStockController.shortage()
2019-06-29 08:08:33.679 [main] o.s.w.s.m.m.a.RequestMappingHandlerMapping:547 [INFO]: Mapped "{[/pss/api/stock/query_goods],methods=[GET]}" onto public com.shop.pss.common.RestResult com.shop.pss.controller.GoodsStockController.queryAllGoodsStock(int,int,java.lang.String,java.lang.Integer)
2019-06-29 08:08:33.680 [main] o.s.w.s.m.m.a.RequestMappingHandlerMapping:547 [INFO]: Mapped "{[/pss/api/stock/set_shortage_num],methods=[POST]}" onto public com.shop.pss.common.RestResult com.shop.pss.controller.GoodsStockController.queryGoodsInfoOne(int)
2019-06-29 08:08:33.681 [main] o.s.w.s.m.m.a.RequestMappingHandlerMapping:547 [INFO]: Mapped "{[/pss/api/stock/goods_info],methods=[GET]}" onto public com.shop.pss.common.RestResult com.shop.pss.controller.GoodsStockController.queryGoodsInfoOne(java.lang.String)
2019-06-29 08:08:33.682 [main] o.s.w.s.m.m.a.RequestMappingHandlerMapping:547 [INFO]: Mapped "{[/pss/api/stock/goods_stock_history],methods=[GET]}" onto public com.shop.pss.common.RestResult com.shop.pss.controller.GoodsStockController.goodsStockHistory(int,int,java.lang.String,java.lang.String,java.lang.String,java.lang.String,java.lang.String)
2019-06-29 08:08:33.683 [main] o.s.w.s.m.m.a.RequestMappingHandlerMapping:547 [INFO]: Mapped "{[/login_p || ]}" onto public com.shop.pss.common.RestResult com.shop.pss.controller.LoginController.login()
2019-06-29 08:08:33.684 [main] o.s.w.s.m.m.a.RequestMappingHandlerMapping:547 [INFO]: Mapped "{[/pss/api/menu/sysmenu],methods=[POST]}" onto public com.shop.pss.common.RestResult com.shop.pss.controller.MenuController.sysmenu()
2019-06-29 08:08:33.686 [main] o.s.w.s.m.m.a.RequestMappingHandlerMapping:547 [INFO]: Mapped "{[/pss/api/consume/query_purchase],methods=[GET]}" onto public com.shop.pss.common.RestResult com.shop.pss.controller.PurchaseController.queryPurchase(int,int)
2019-06-29 08:08:33.687 [main] o.s.w.s.m.m.a.RequestMappingHandlerMapping:547 [INFO]: Mapped "{[/pss/api/consume/query_score],methods=[GET]}" onto public com.shop.pss.common.RestResult com.shop.pss.controller.PurchaseController.queryScore(java.lang.String)
2019-06-29 08:08:33.687 [main] o.s.w.s.m.m.a.RequestMappingHandlerMapping:547 [INFO]: Mapped "{[/pss/api/consume/query_purchase_history],methods=[GET]}" onto public com.shop.pss.common.RestResult com.shop.pss.controller.PurchaseController.queryPurchaseHistory(int,int,java.lang.String,java.lang.String,java.lang.String,java.lang.String,java.lang.String)
2019-06-29 08:08:33.689 [main] o.s.w.s.m.m.a.RequestMappingHandlerMapping:547 [INFO]: Mapped "{[/pss/api/user/set_pwd],methods=[POST]}" onto public com.shop.pss.common.RestResult com.shop.pss.controller.UserController.setPassword(java.lang.String,java.lang.String)
2019-06-29 08:08:33.690 [main] o.s.w.s.m.m.a.RequestMappingHandlerMapping:547 [INFO]: Mapped "{[/pss/api/user/retrieve_pwd],methods=[POST]}" onto public com.shop.pss.common.RestResult com.shop.pss.controller.UserController.retrievePwd(java.lang.String,java.lang.String,java.lang.String)
2019-06-29 08:08:33.691 [main] o.s.w.s.m.m.a.RequestMappingHandlerMapping:547 [INFO]: Mapped "{[/pss/api/user/get_all_user],methods=[GET]}" onto public com.shop.pss.common.RestResult com.shop.pss.controller.UserController.getAllHr()
2019-06-29 08:08:33.692 [main] o.s.w.s.m.m.a.RequestMappingHandlerMapping:547 [INFO]: Mapped "{[/pss/api/user/update_user],methods=[POST]}" onto public com.shop.pss.common.RestResult com.shop.pss.controller.UserController.updateUser(com.shop.pss.bean.User)
2019-06-29 08:08:33.692 [main] o.s.w.s.m.m.a.RequestMappingHandlerMapping:547 [INFO]: Mapped "{[/pss/api/user/info],methods=[POST]}" onto public com.shop.pss.common.RestResult com.shop.pss.controller.UserController.currentUser()
2019-06-29 08:08:33.693 [main] o.s.w.s.m.m.a.RequestMappingHandlerMapping:547 [INFO]: Mapped "{[/pss/api/user/reg_student_user],methods=[POST]}" onto public com.shop.pss.common.RestResult com.shop.pss.controller.UserController.regStudentUser(com.shop.pss.bean.User)
2019-06-29 08:08:33.694 [main] o.s.w.s.m.m.a.RequestMappingHandlerMapping:547 [INFO]: Mapped "{[/pss/api/wechat/wechataccess],methods=[GET]}" onto public java.lang.String com.shop.pss.controller.WxMsgAdapterController.getSuiteToken(java.lang.String,java.lang.String,java.lang.String,java.lang.String)
2019-06-29 08:08:33.698 [main] o.s.w.s.m.m.a.RequestMappingHandlerMapping:547 [INFO]: Mapped "{[/error]}" onto public org.springframework.http.ResponseEntity<java.util.Map<java.lang.String, java.lang.Object>> org.springframework.boot.autoconfigure.web.servlet.error.BasicErrorController.error(javax.servlet.http.HttpServletRequest)
2019-06-29 08:08:33.699 [main] o.s.w.s.m.m.a.RequestMappingHandlerMapping:547 [INFO]: Mapped "{[/error],produces=[text/html]}" onto public org.springframework.web.servlet.ModelAndView org.springframework.boot.autoconfigure.web.servlet.error.BasicErrorController.errorHtml(javax.servlet.http.HttpServletRequest,javax.servlet.http.HttpServletResponse)
2019-06-29 08:08:33.935 [main] o.s.w.s.handler.SimpleUrlHandlerMapping:373 [INFO]: Mapped URL path [/webjars/**] onto handler of type [class org.springframework.web.servlet.resource.ResourceHttpRequestHandler]
2019-06-29 08:08:33.981 [main] o.s.w.s.handler.SimpleUrlHandlerMapping:373 [INFO]: Mapped URL path [/**] onto handler of type [class org.springframework.web.servlet.resource.ResourceHttpRequestHandler]
2019-06-29 08:08:34.046 [main] o.s.s.web.DefaultSecurityFilterChain:43 [INFO]: Creating filter chain: org.springframework.security.web.util.matcher.AnyRequestMatcher@1, [org.springframework.security.web.context.request.async.WebAsyncManagerIntegrationFilter@7af0affa, org.springframework.security.web.context.SecurityContextPersistenceFilter@656a3d6b, org.springframework.security.web.header.HeaderWriterFilter@1ad9b8d3, org.springframework.web.filter.CorsFilter@71560f51, org.springframework.security.web.authentication.logout.LogoutFilter@525b1b70, org.springframework.security.web.authentication.UsernamePasswordAuthenticationFilter@8054fe2, org.springframework.security.web.savedrequest.RequestCacheAwareFilter@778a1250, org.springframework.security.web.servletapi.SecurityContextHolderAwareRequestFilter@1a950fdd, org.springframework.security.web.authentication.AnonymousAuthenticationFilter@3e1f1046, org.springframework.security.web.session.SessionManagementFilter@4f93bf0a, org.springframework.security.web.access.ExceptionTranslationFilter@3a7c678b, org.springframework.security.web.access.intercept.FilterSecurityInterceptor@6d6f6860]
2019-06-29 08:08:34.342 [main] o.s.w.s.m.m.a.RequestMappingHandlerAdapter:574 [INFO]: Looking for @ControllerAdvice: org.springframework.boot.web.servlet.context.AnnotationConfigServletWebServerApplicationContext@c2db68f: startup date [Sat Jun 29 08:08:17 CST 2019]; root of context hierarchy
2019-06-29 08:08:34.524 [main] o.s.w.s.m.m.a.ExceptionHandlerExceptionResolver:288 [INFO]: Detected @ExceptionHandler methods in exceptionAdvice
2019-06-29 08:08:35.666 [main] o.s.w.s.s.s.ServerEndpointExporter:149 [INFO]: Registering @ServerEndpoint class: class com.shop.pss.websocket.PssWebSocketHandler
2019-06-29 08:08:35.676 [main] o.s.j.e.a.AnnotationMBeanExporter:433 [INFO]: Registering beans for JMX exposure on startup
2019-06-29 08:08:35.678 [main] o.s.j.e.a.AnnotationMBeanExporter:895 [INFO]: Bean with name 'statFilter' has been autodetected for JMX exposure
2019-06-29 08:08:35.678 [main] o.s.j.e.a.AnnotationMBeanExporter:895 [INFO]: Bean with name 'dataSource' has been autodetected for JMX exposure
2019-06-29 08:08:35.684 [main] o.s.j.e.a.AnnotationMBeanExporter:668 [INFO]: Located MBean 'dataSource': registering with JMX server as MBean [com.alibaba.druid.spring.boot.autoconfigure:name=dataSource,type=DruidDataSourceWrapper]
2019-06-29 08:08:35.685 [main] o.s.j.e.a.AnnotationMBeanExporter:668 [INFO]: Located MBean 'statFilter': registering with JMX server as MBean [com.alibaba.druid.filter.stat:name=statFilter,type=StatFilter]
2019-06-29 08:08:35.740 [main] o.s.c.support.DefaultLifecycleProcessor:351 [INFO]: Starting beans in phase 2147483647
2019-06-29 08:08:35.875 [main] o.s.b.w.embedded.tomcat.TomcatWebServer:206 [INFO]: Tomcat started on port(s): 8080 (http) with context path ''
2019-06-29 08:08:35.893 [main] c.s.pss.PurchaseSaleStorageApplication:59 [INFO]: Started PurchaseSaleStorageApplication in 21.536 seconds (JVM running for 27.704)
2019-06-29 08:09:02.104 [http-nio-8080-exec-2] o.a.c.c.C.[Tomcat].[localhost].[/]:180 [INFO]: Initializing Spring FrameworkServlet 'dispatcherServlet'
2019-06-29 08:09:02.105 [http-nio-8080-exec-2] o.s.web.servlet.DispatcherServlet:494 [INFO]: FrameworkServlet 'dispatcherServlet': initialization started
2019-06-29 08:09:02.134 [http-nio-8080-exec-2] o.s.web.servlet.DispatcherServlet:509 [INFO]: FrameworkServlet 'dispatcherServlet': initialization completed in 29 ms
2019-06-29 08:09:03.911 [http-nio-8080-exec-2] com.shop.pss.config.WebSecurityConfig:138 [INFO]: ------ login success username:wangr1
2019-06-29 09:05:15.907 [http-nio-8080-exec-8] com.shop.pss.config.WebSecurityConfig:138 [INFO]: ------ login success username:admin
2019-06-29 09:05:19.901 [http-nio-8080-exec-9] c.s.pss.controller.GoodsStockController:105 [INFO]: ------ start request query_goods pageNum:1, pageSize:5, keyWord:, shortage:null
2019-06-29 09:05:20.050 [http-nio-8080-exec-9] c.s.pss.controller.GoodsStockController:112 [INFO]: ------ end request query_goods
2019-06-29 13:41:24.347 [http-nio-8080-exec-5] com.shop.pss.config.WebSecurityConfig:138 [INFO]: ------ login success username:admin
2019-06-29 15:42:58.204 [http-nio-8080-exec-6] com.shop.pss.config.WebSecurityConfig:155 [INFO]: ------ logout success username:null
2019-06-29 15:45:23.521 [http-nio-8080-exec-7] com.shop.pss.config.WebSecurityConfig:138 [INFO]: ------ login success username:admin
2019-06-29 15:47:00.489 [http-nio-8080-exec-8] com.shop.pss.config.WebSecurityConfig:155 [INFO]: ------ logout success username:null
2019-06-29 15:50:21.369 [http-nio-8080-exec-9] com.shop.pss.config.WebSecurityConfig:138 [INFO]: ------ login success username:admin
2019-06-29 15:50:24.495 [http-nio-8080-exec-2] c.s.pss.controller.GoodsStockController:105 [INFO]: ------ start request query_goods pageNum:1, pageSize:5, keyWord:, shortage:null
2019-06-29 15:50:24.512 [http-nio-8080-exec-2] c.s.pss.controller.GoodsStockController:112 [INFO]: ------ end request query_goods
2019-06-29 16:04:30.015 [http-nio-8080-exec-10] c.s.pss.controller.GoodsStockController:105 [INFO]: ------ start request query_goods pageNum:1, pageSize:5, keyWord:, shortage:null
2019-06-29 16:04:30.023 [http-nio-8080-exec-10] c.s.pss.controller.GoodsStockController:112 [INFO]: ------ end request query_goods
2019-06-29 16:04:51.533 [http-nio-8080-exec-1] com.shop.pss.config.WebSecurityConfig:155 [INFO]: ------ logout success username:null
2019-06-29 16:05:22.117 [http-nio-8080-exec-3] com.shop.pss.config.WebSecurityConfig:138 [INFO]: ------ login success username:admin
2019-06-29 16:07:30.363 [http-nio-8080-exec-4] com.shop.pss.config.WebSecurityConfig:155 [INFO]: ------ logout success username:null
2019-06-29 16:07:38.446 [http-nio-8080-exec-5] com.shop.pss.config.WebSecurityConfig:138 [INFO]: ------ login success username:admin
2019-06-29 16:08:01.762 [http-nio-8080-exec-6] com.shop.pss.config.WebSecurityConfig:155 [INFO]: ------ logout success username:null
2019-06-29 16:08:05.633 [http-nio-8080-exec-7] com.shop.pss.config.WebSecurityConfig:138 [INFO]: ------ login success username:admin
2019-06-29 16:08:16.668 [http-nio-8080-exec-8] com.shop.pss.config.WebSecurityConfig:155 [INFO]: ------ logout success username:null
2019-06-29 16:09:40.553 [http-nio-8080-exec-9] com.shop.pss.config.WebSecurityConfig:138 [INFO]: ------ login success username:admin
